Command line invocation:
    /Applications/Xcode.app/Contents/Developer/usr/bin/xcodebuild -project wireguardZoomAutomation.xcodeproj -scheme wireguardZoomAutomation -destination id=00008030-000E71900A12202E -parallel-testing-enabled NO "-only-testing:ZoomDualUITests/ClientAutomation" test

ComputePackagePrebuildTargetDependencyGraph

Prepare packages

CreateBuildRequest

SendProjectDescription

CreateBuildOperation

ComputeTargetDependencyGraph
note: Building targets in dependency order
note: Target dependency graph (4 targets)
    Target 'wireguardZoomAutomationUITests' in project 'wireguardZoomAutomation'
        ➜ Explicit dependency on target 'wireguardZoomAutomation' in project 'wireguardZoomAutomation'
    Target 'wireguardZoomAutomationTests' in project 'wireguardZoomAutomation'
        ➜ Explicit dependency on target 'wireguardZoomAutomation' in project 'wireguardZoomAutomation'
    Target 'ZoomDualUITests' in project 'wireguardZoomAutomation'
        ➜ Explicit dependency on target 'wireguardZoomAutomation' in project 'wireguardZoomAutomation'
    Target 'wireguardZoomAutomation' in project 'wireguardZoomAutomation' (no dependencies)

GatherProvisioningInputs

CreateBuildDescription

ExecuteExternalTool /Applications/Xcode.app/Contents/Developer/usr/bin/actool --print-asset-tag-combinations --output-format xml1 /Users/hem/Desktop/wireguardZoomAutomation/wireguardZoomAutomation/Assets.xcassets

ExecuteExternalTool /Applications/Xcode.app/Contents/Developer/Toolchains/XcodeDefault.xctoolchain/usr/bin/clang -v -E -dM -isysroot /Applications/Xcode.app/Contents/Developer/Platforms/iPhoneOS.platform/Developer/SDKs/iPhoneOS26.0.sdk -x c -c /dev/null

ExecuteExternalTool /Applications/Xcode.app/Contents/Developer/Toolchains/XcodeDefault.xctoolchain/usr/bin/swiftc --version

ExecuteExternalTool /Applications/Xcode.app/Contents/Developer/usr/bin/actool --version --output-format xml1

ExecuteExternalTool /Applications/Xcode.app/Contents/Developer/Toolchains/XcodeDefault.xctoolchain/usr/bin/ld -version_details

Build description signature: 83cdcc78ca84f9d5a96e486c1e385c36
Build description path: /Users/hem/Library/Developer/Xcode/DerivedData/wireguardZoomAutomation-frpouzlaalsanwbrucqxwbaehthj/Build/Intermediates.noindex/XCBuildData/83cdcc78ca84f9d5a96e486c1e385c36.xcbuilddata
ClangStatCache /Applications/Xcode.app/Contents/Developer/Toolchains/XcodeDefault.xctoolchain/usr/bin/clang-stat-cache /Applications/Xcode.app/Contents/Developer/Platforms/iPhoneOS.platform/Developer/SDKs/iPhoneOS26.0.sdk /Users/hem/Library/Developer/Xcode/DerivedData/SDKStatCaches.noindex/iphoneos26.0-23A339-81ce72e5b06c9602b9d30b56f2eed08a.sdkstatcache
    cd /Users/hem/Desktop/wireguardZoomAutomation/wireguardZoomAutomation.xcodeproj
    /Applications/Xcode.app/Contents/Developer/Toolchains/XcodeDefault.xctoolchain/usr/bin/clang-stat-cache /Applications/Xcode.app/Contents/Developer/Platforms/iPhoneOS.platform/Developer/SDKs/iPhoneOS26.0.sdk -o /Users/hem/Library/Developer/Xcode/DerivedData/SDKStatCaches.noindex/iphoneos26.0-23A339-81ce72e5b06c9602b9d30b56f2eed08a.sdkstatcache

ProcessProductPackaging "" /Users/hem/Library/Developer/Xcode/DerivedData/wireguardZoomAutomation-frpouzlaalsanwbrucqxwbaehthj/Build/Intermediates.noindex/wireguardZoomAutomation.build/Debug-iphoneos/wireguardZoomAutomation.build/wireguardZoomAutomation.app.xcent (in target 'wireguardZoomAutomation' from project 'wireguardZoomAutomation')
    cd /Users/hem/Desktop/wireguardZoomAutomation
    
    Entitlements:
    
    {
    "application-identifier" = "8PL8M7Y7H2.automation.wireguardZoomAutomation";
    "com.apple.developer.team-identifier" = 8PL8M7Y7H2;
    "get-task-allow" = 1;
}
    
    builtin-productPackagingUtility -entitlements -format xml -o /Users/hem/Library/Developer/Xcode/DerivedData/wireguardZoomAutomation-frpouzlaalsanwbrucqxwbaehthj/Build/Intermediates.noindex/wireguardZoomAutomation.build/Debug-iphoneos/wireguardZoomAutomation.build/wireguardZoomAutomation.app.xcent

ProcessProductPackagingDER /Users/hem/Library/Developer/Xcode/DerivedData/wireguardZoomAutomation-frpouzlaalsanwbrucqxwbaehthj/Build/Intermediates.noindex/wireguardZoomAutomation.build/Debug-iphoneos/wireguardZoomAutomation.build/wireguardZoomAutomation.app.xcent /Users/hem/Library/Developer/Xcode/DerivedData/wireguardZoomAutomation-frpouzlaalsanwbrucqxwbaehthj/Build/Intermediates.noindex/wireguardZoomAutomation.build/Debug-iphoneos/wireguardZoomAutomation.build/wireguardZoomAutomation.app.xcent.der (in target 'wireguardZoomAutomation' from project 'wireguardZoomAutomation')
    cd /Users/hem/Desktop/wireguardZoomAutomation
    /usr/bin/derq query -f xml -i /Users/hem/Library/Developer/Xcode/DerivedData/wireguardZoomAutomation-frpouzlaalsanwbrucqxwbaehthj/Build/Intermediates.noindex/wireguardZoomAutomation.build/Debug-iphoneos/wireguardZoomAutomation.build/wireguardZoomAutomation.app.xcent -o /Users/hem/Library/Developer/Xcode/DerivedData/wireguardZoomAutomation-frpouzlaalsanwbrucqxwbaehthj/Build/Intermediates.noindex/wireguardZoomAutomation.build/Debug-iphoneos/wireguardZoomAutomation.build/wireguardZoomAutomation.app.xcent.der --raw

ProcessProductPackaging "" /Users/hem/Library/Developer/Xcode/DerivedData/wireguardZoomAutomation-frpouzlaalsanwbrucqxwbaehthj/Build/Intermediates.noindex/wireguardZoomAutomation.build/Debug-iphoneos/wireguardZoomAutomationUITests.build/wireguardZoomAutomationUITests.xctest.xcent (in target 'wireguardZoomAutomationUITests' from project 'wireguardZoomAutomation')
    cd /Users/hem/Desktop/wireguardZoomAutomation
    
    Entitlements:
    
    {
    "application-identifier" = "8PL8M7Y7H2.automation.wireguardZoomAutomationUITests.xctrunner";
    "com.apple.developer.team-identifier" = 8PL8M7Y7H2;
    "get-task-allow" = 1;
    "keychain-access-groups" =     (
        "8PL8M7Y7H2.automation.wireguardZoomAutomationUITests.xctrunner"
    );
}
    
    builtin-productPackagingUtility -entitlements -format xml -o /Users/hem/Library/Developer/Xcode/DerivedData/wireguardZoomAutomation-frpouzlaalsanwbrucqxwbaehthj/Build/Intermediates.noindex/wireguardZoomAutomation.build/Debug-iphoneos/wireguardZoomAutomationUITests.build/wireguardZoomAutomationUITests.xctest.xcent

ProcessProductPackaging "" /Users/hem/Library/Developer/Xcode/DerivedData/wireguardZoomAutomation-frpouzlaalsanwbrucqxwbaehthj/Build/Intermediates.noindex/wireguardZoomAutomation.build/Debug-iphoneos/ZoomDualUITests.build/ZoomDualUITests.xctest.xcent (in target 'ZoomDualUITests' from project 'wireguardZoomAutomation')
    cd /Users/hem/Desktop/wireguardZoomAutomation
    
    Entitlements:
    
    {
    "application-identifier" = "8PL8M7Y7H2.automation.ZoomDualUITests.xctrunner";
    "com.apple.developer.team-identifier" = 8PL8M7Y7H2;
    "get-task-allow" = 1;
    "keychain-access-groups" =     (
        "8PL8M7Y7H2.automation.ZoomDualUITests.xctrunner"
    );
}
    
    builtin-productPackagingUtility -entitlements -format xml -o /Users/hem/Library/Developer/Xcode/DerivedData/wireguardZoomAutomation-frpouzlaalsanwbrucqxwbaehthj/Build/Intermediates.noindex/wireguardZoomAutomation.build/Debug-iphoneos/ZoomDualUITests.build/ZoomDualUITests.xctest.xcent

CompileAssetCatalogVariant thinned /Users/hem/Library/Developer/Xcode/DerivedData/wireguardZoomAutomation-frpouzlaalsanwbrucqxwbaehthj/Build/Products/Debug-iphoneos/wireguardZoomAutomation.app /Users/hem/Desktop/wireguardZoomAutomation/wireguardZoomAutomation/Assets.xcassets (in target 'wireguardZoomAutomation' from project 'wireguardZoomAutomation')
    cd /Users/hem/Desktop/wireguardZoomAutomation
    /Applications/Xcode.app/Contents/Developer/usr/bin/actool /Users/hem/Desktop/wireguardZoomAutomation/wireguardZoomAutomation/Assets.xcassets --compile /Users/hem/Library/Developer/Xcode/DerivedData/wireguardZoomAutomation-frpouzlaalsanwbrucqxwbaehthj/Build/Intermediates.noindex/wireguardZoomAutomation.build/Debug-iphoneos/wireguardZoomAutomation.build/assetcatalog_output/thinned --output-format human-readable-text --notices --warnings --export-dependency-info /Users/hem/Library/Developer/Xcode/DerivedData/wireguardZoomAutomation-frpouzlaalsanwbrucqxwbaehthj/Build/Intermediates.noindex/wireguardZoomAutomation.build/Debug-iphoneos/wireguardZoomAutomation.build/assetcatalog_dependencies_thinned --output-partial-info-plist /Users/hem/Library/Developer/Xcode/DerivedData/wireguardZoomAutomation-frpouzlaalsanwbrucqxwbaehthj/Build/Intermediates.noindex/wireguardZoomAutomation.build/Debug-iphoneos/wireguardZoomAutomation.build/assetcatalog_generated_info.plist_thinned --app-icon AppIcon --accent-color AccentColor --compress-pngs --enable-on-demand-resources YES --filter-for-thinning-device-configuration iPhone12,1 --filter-for-device-os-version 18.4 --development-region en --target-device iphone --target-device ipad --minimum-deployment-target 17.6 --platform iphoneos
/* com.apple.actool.compilation-results */
/Users/hem/Library/Developer/Xcode/DerivedData/wireguardZoomAutomation-frpouzlaalsanwbrucqxwbaehthj/Build/Intermediates.noindex/wireguardZoomAutomation.build/Debug-iphoneos/wireguardZoomAutomation.build/assetcatalog_generated_info.plist_thinned


ProcessProductPackagingDER /Users/hem/Library/Developer/Xcode/DerivedData/wireguardZoomAutomation-frpouzlaalsanwbrucqxwbaehthj/Build/Intermediates.noindex/wireguardZoomAutomation.build/Debug-iphoneos/wireguardZoomAutomationUITests.build/wireguardZoomAutomationUITests.xctest.xcent /Users/hem/Library/Developer/Xcode/DerivedData/wireguardZoomAutomation-frpouzlaalsanwbrucqxwbaehthj/Build/Intermediates.noindex/wireguardZoomAutomation.build/Debug-iphoneos/wireguardZoomAutomationUITests.build/wireguardZoomAutomationUITests.xctest.xcent.der (in target 'wireguardZoomAutomationUITests' from project 'wireguardZoomAutomation')
    cd /Users/hem/Desktop/wireguardZoomAutomation
    /usr/bin/derq query -f xml -i /Users/hem/Library/Developer/Xcode/DerivedData/wireguardZoomAutomation-frpouzlaalsanwbrucqxwbaehthj/Build/Intermediates.noindex/wireguardZoomAutomation.build/Debug-iphoneos/wireguardZoomAutomationUITests.build/wireguardZoomAutomationUITests.xctest.xcent -o /Users/hem/Library/Developer/Xcode/DerivedData/wireguardZoomAutomation-frpouzlaalsanwbrucqxwbaehthj/Build/Intermediates.noindex/wireguardZoomAutomation.build/Debug-iphoneos/wireguardZoomAutomationUITests.build/wireguardZoomAutomationUITests.xctest.xcent.der --raw

ProcessProductPackagingDER /Users/hem/Library/Developer/Xcode/DerivedData/wireguardZoomAutomation-frpouzlaalsanwbrucqxwbaehthj/Build/Intermediates.noindex/wireguardZoomAutomation.build/Debug-iphoneos/ZoomDualUITests.build/ZoomDualUITests.xctest.xcent /Users/hem/Library/Developer/Xcode/DerivedData/wireguardZoomAutomation-frpouzlaalsanwbrucqxwbaehthj/Build/Intermediates.noindex/wireguardZoomAutomation.build/Debug-iphoneos/ZoomDualUITests.build/ZoomDualUITests.xctest.xcent.der (in target 'ZoomDualUITests' from project 'wireguardZoomAutomation')
    cd /Users/hem/Desktop/wireguardZoomAutomation
    /usr/bin/derq query -f xml -i /Users/hem/Library/Developer/Xcode/DerivedData/wireguardZoomAutomation-frpouzlaalsanwbrucqxwbaehthj/Build/Intermediates.noindex/wireguardZoomAutomation.build/Debug-iphoneos/ZoomDualUITests.build/ZoomDualUITests.xctest.xcent -o /Users/hem/Library/Developer/Xcode/DerivedData/wireguardZoomAutomation-frpouzlaalsanwbrucqxwbaehthj/Build/Intermediates.noindex/wireguardZoomAutomation.build/Debug-iphoneos/ZoomDualUITests.build/ZoomDualUITests.xctest.xcent.der --raw

ProcessInfoPlistFile /Users/hem/Library/Developer/Xcode/DerivedData/wireguardZoomAutomation-frpouzlaalsanwbrucqxwbaehthj/Build/Products/Debug-iphoneos/wireguardZoomAutomation.app/Info.plist /Users/hem/Library/Developer/Xcode/DerivedData/wireguardZoomAutomation-frpouzlaalsanwbrucqxwbaehthj/Build/Intermediates.noindex/wireguardZoomAutomation.build/Debug-iphoneos/wireguardZoomAutomation.build/empty-wireguardZoomAutomation.plist (in target 'wireguardZoomAutomation' from project 'wireguardZoomAutomation')
    cd /Users/hem/Desktop/wireguardZoomAutomation
    builtin-infoPlistUtility /Users/hem/Library/Developer/Xcode/DerivedData/wireguardZoomAutomation-frpouzlaalsanwbrucqxwbaehthj/Build/Intermediates.noindex/wireguardZoomAutomation.build/Debug-iphoneos/wireguardZoomAutomation.build/empty-wireguardZoomAutomation.plist -producttype com.apple.product-type.application -genpkginfo /Users/hem/Library/Developer/Xcode/DerivedData/wireguardZoomAutomation-frpouzlaalsanwbrucqxwbaehthj/Build/Products/Debug-iphoneos/wireguardZoomAutomation.app/PkgInfo -expandbuildsettings -format binary -platform iphoneos -additionalcontentfile /Users/hem/Library/Developer/Xcode/DerivedData/wireguardZoomAutomation-frpouzlaalsanwbrucqxwbaehthj/Build/Intermediates.noindex/wireguardZoomAutomation.build/Debug-iphoneos/wireguardZoomAutomation.build/assetcatalog_generated_info.plist -requiredArchitecture arm64 -o /Users/hem/Library/Developer/Xcode/DerivedData/wireguardZoomAutomation-frpouzlaalsanwbrucqxwbaehthj/Build/Products/Debug-iphoneos/wireguardZoomAutomation.app/Info.plist

ProcessInfoPlistFile /Users/hem/Library/Developer/Xcode/DerivedData/wireguardZoomAutomation-frpouzlaalsanwbrucqxwbaehthj/Build/Products/Debug-iphoneos/wireguardZoomAutomation.app/PlugIns/wireguardZoomAutomationTests.xctest/Info.plist /Users/hem/Library/Developer/Xcode/DerivedData/wireguardZoomAutomation-frpouzlaalsanwbrucqxwbaehthj/Build/Intermediates.noindex/wireguardZoomAutomation.build/Debug-iphoneos/wireguardZoomAutomationTests.build/empty-wireguardZoomAutomationTests.plist (in target 'wireguardZoomAutomationTests' from project 'wireguardZoomAutomation')
    cd /Users/hem/Desktop/wireguardZoomAutomation
    builtin-infoPlistUtility /Users/hem/Library/Developer/Xcode/DerivedData/wireguardZoomAutomation-frpouzlaalsanwbrucqxwbaehthj/Build/Intermediates.noindex/wireguardZoomAutomation.build/Debug-iphoneos/wireguardZoomAutomationTests.build/empty-wireguardZoomAutomationTests.plist -producttype com.apple.product-type.bundle.unit-test -expandbuildsettings -format binary -platform iphoneos -requiredArchitecture arm64 -o /Users/hem/Library/Developer/Xcode/DerivedData/wireguardZoomAutomation-frpouzlaalsanwbrucqxwbaehthj/Build/Products/Debug-iphoneos/wireguardZoomAutomation.app/PlugIns/wireguardZoomAutomationTests.xctest/Info.plist

CopySwiftLibs /Users/hem/Library/Developer/Xcode/DerivedData/wireguardZoomAutomation-frpouzlaalsanwbrucqxwbaehthj/Build/Products/Debug-iphoneos/wireguardZoomAutomation.app/PlugIns/wireguardZoomAutomationTests.xctest (in target 'wireguardZoomAutomationTests' from project 'wireguardZoomAutomation')
    cd /Users/hem/Desktop/wireguardZoomAutomation
    builtin-swiftStdLibTool --copy --verbose --sign DAD8602F84CFE6465F4E8913D89D1EAF2978731D --scan-executable /Users/hem/Library/Developer/Xcode/DerivedData/wireguardZoomAutomation-frpouzlaalsanwbrucqxwbaehthj/Build/Products/Debug-iphoneos/wireguardZoomAutomation.app/PlugIns/wireguardZoomAutomationTests.xctest/wireguardZoomAutomationTests --scan-folder /Users/hem/Library/Developer/Xcode/DerivedData/wireguardZoomAutomation-frpouzlaalsanwbrucqxwbaehthj/Build/Products/Debug-iphoneos/wireguardZoomAutomation.app/PlugIns/wireguardZoomAutomationTests.xctest/Frameworks --scan-folder /Users/hem/Library/Developer/Xcode/DerivedData/wireguardZoomAutomation-frpouzlaalsanwbrucqxwbaehthj/Build/Products/Debug-iphoneos/wireguardZoomAutomation.app/PlugIns/wireguardZoomAutomationTests.xctest/PlugIns --scan-folder /Users/hem/Library/Developer/Xcode/DerivedData/wireguardZoomAutomation-frpouzlaalsanwbrucqxwbaehthj/Build/Products/Debug-iphoneos/wireguardZoomAutomation.app/PlugIns/wireguardZoomAutomationTests.xctest/SystemExtensions --scan-folder /Users/hem/Library/Developer/Xcode/DerivedData/wireguardZoomAutomation-frpouzlaalsanwbrucqxwbaehthj/Build/Products/Debug-iphoneos/wireguardZoomAutomation.app/PlugIns/wireguardZoomAutomationTests.xctest/Extensions --platform iphoneos --toolchain /Applications/Xcode.app/Contents/Developer/Toolchains/XcodeDefault.xctoolchain --destination /Users/hem/Library/Developer/Xcode/DerivedData/wireguardZoomAutomation-frpouzlaalsanwbrucqxwbaehthj/Build/Products/Debug-iphoneos/wireguardZoomAutomation.app/PlugIns/wireguardZoomAutomationTests.xctest/Frameworks --strip-bitcode --scan-executable /Applications/Xcode.app/Contents/Developer/Platforms/iPhoneOS.platform/Developer/usr/lib/libXCTestSwiftSupport.dylib --strip-bitcode-tool /Applications/Xcode.app/Contents/Developer/Toolchains/XcodeDefault.xctoolchain/usr/bin/bitcode_strip --emit-dependency-info /Users/hem/Library/Developer/Xcode/DerivedData/wireguardZoomAutomation-frpouzlaalsanwbrucqxwbaehthj/Build/Intermediates.noindex/wireguardZoomAutomation.build/Debug-iphoneos/wireguardZoomAutomationTests.build/SwiftStdLibToolInputDependencies.dep --filter-for-swift-os --back-deploy-swift-span

CodeSign /Users/hem/Library/Developer/Xcode/DerivedData/wireguardZoomAutomation-frpouzlaalsanwbrucqxwbaehthj/Build/Products/Debug-iphoneos/wireguardZoomAutomation.app/wireguardZoomAutomation.debug.dylib (in target 'wireguardZoomAutomation' from project 'wireguardZoomAutomation')
    cd /Users/hem/Desktop/wireguardZoomAutomation
    
    Signing Identity:     "Apple Development: chandanacharitha8@gmail.com (GH22PG2FNQ)"
    Provisioning Profile: "iOS Team Provisioning Profile: automation.wireguardZoomAutomation"
                          (d155a63b-418d-4714-8ae6-2887cbc8d034)
    
    /usr/bin/codesign --force --sign DAD8602F84CFE6465F4E8913D89D1EAF2978731D -o runtime --timestamp\=none --generate-entitlement-der /Users/hem/Library/Developer/Xcode/DerivedData/wireguardZoomAutomation-frpouzlaalsanwbrucqxwbaehthj/Build/Products/Debug-iphoneos/wireguardZoomAutomation.app/wireguardZoomAutomation.debug.dylib
/Users/hem/Library/Developer/Xcode/DerivedData/wireguardZoomAutomation-frpouzlaalsanwbrucqxwbaehthj/Build/Products/Debug-iphoneos/wireguardZoomAutomation.app/wireguardZoomAutomation.debug.dylib: replacing existing signature

CodeSign /Users/hem/Library/Developer/Xcode/DerivedData/wireguardZoomAutomation-frpouzlaalsanwbrucqxwbaehthj/Build/Products/Debug-iphoneos/wireguardZoomAutomation.app/__preview.dylib (in target 'wireguardZoomAutomation' from project 'wireguardZoomAutomation')
    cd /Users/hem/Desktop/wireguardZoomAutomation
    
    Signing Identity:     "Apple Development: chandanacharitha8@gmail.com (GH22PG2FNQ)"
    Provisioning Profile: "iOS Team Provisioning Profile: automation.wireguardZoomAutomation"
                          (d155a63b-418d-4714-8ae6-2887cbc8d034)
    
    /usr/bin/codesign --force --sign DAD8602F84CFE6465F4E8913D89D1EAF2978731D -o runtime --timestamp\=none --generate-entitlement-der /Users/hem/Library/Developer/Xcode/DerivedData/wireguardZoomAutomation-frpouzlaalsanwbrucqxwbaehthj/Build/Products/Debug-iphoneos/wireguardZoomAutomation.app/__preview.dylib
/Users/hem/Library/Developer/Xcode/DerivedData/wireguardZoomAutomation-frpouzlaalsanwbrucqxwbaehthj/Build/Products/Debug-iphoneos/wireguardZoomAutomation.app/__preview.dylib: replacing existing signature

CodeSign /Users/hem/Library/Developer/Xcode/DerivedData/wireguardZoomAutomation-frpouzlaalsanwbrucqxwbaehthj/Build/Products/Debug-iphoneos/wireguardZoomAutomation.app (in target 'wireguardZoomAutomation' from project 'wireguardZoomAutomation')
    cd /Users/hem/Desktop/wireguardZoomAutomation
    
    Signing Identity:     "Apple Development: chandanacharitha8@gmail.com (GH22PG2FNQ)"
    Provisioning Profile: "iOS Team Provisioning Profile: automation.wireguardZoomAutomation"
                          (d155a63b-418d-4714-8ae6-2887cbc8d034)
    
    /usr/bin/codesign --force --sign DAD8602F84CFE6465F4E8913D89D1EAF2978731D -o runtime --entitlements /Users/hem/Library/Developer/Xcode/DerivedData/wireguardZoomAutomation-frpouzlaalsanwbrucqxwbaehthj/Build/Intermediates.noindex/wireguardZoomAutomation.build/Debug-iphoneos/wireguardZoomAutomation.build/wireguardZoomAutomation.app.xcent --timestamp\=none --generate-entitlement-der /Users/hem/Library/Developer/Xcode/DerivedData/wireguardZoomAutomation-frpouzlaalsanwbrucqxwbaehthj/Build/Products/Debug-iphoneos/wireguardZoomAutomation.app
/Users/hem/Library/Developer/Xcode/DerivedData/wireguardZoomAutomation-frpouzlaalsanwbrucqxwbaehthj/Build/Products/Debug-iphoneos/wireguardZoomAutomation.app: replacing existing signature

Validate /Users/hem/Library/Developer/Xcode/DerivedData/wireguardZoomAutomation-frpouzlaalsanwbrucqxwbaehthj/Build/Products/Debug-iphoneos/wireguardZoomAutomation.app (in target 'wireguardZoomAutomation' from project 'wireguardZoomAutomation')
    cd /Users/hem/Desktop/wireguardZoomAutomation
    builtin-validationUtility /Users/hem/Library/Developer/Xcode/DerivedData/wireguardZoomAutomation-frpouzlaalsanwbrucqxwbaehthj/Build/Products/Debug-iphoneos/wireguardZoomAutomation.app -shallow-bundle -infoplist-subpath Info.plist

ProcessInfoPlistFile /Users/hem/Library/Developer/Xcode/DerivedData/wireguardZoomAutomation-frpouzlaalsanwbrucqxwbaehthj/Build/Products/Debug-iphoneos/ZoomDualUITests-Runner.app/PlugIns/ZoomDualUITests.xctest/Info.plist /Users/hem/Library/Developer/Xcode/DerivedData/wireguardZoomAutomation-frpouzlaalsanwbrucqxwbaehthj/Build/Intermediates.noindex/wireguardZoomAutomation.build/Debug-iphoneos/ZoomDualUITests.build/empty-ZoomDualUITests.plist (in target 'ZoomDualUITests' from project 'wireguardZoomAutomation')
    cd /Users/hem/Desktop/wireguardZoomAutomation
    builtin-infoPlistUtility /Users/hem/Library/Developer/Xcode/DerivedData/wireguardZoomAutomation-frpouzlaalsanwbrucqxwbaehthj/Build/Intermediates.noindex/wireguardZoomAutomation.build/Debug-iphoneos/ZoomDualUITests.build/empty-ZoomDualUITests.plist -producttype com.apple.product-type.bundle.ui-testing -expandbuildsettings -format binary -platform iphoneos -additionalcontentfile /Users/hem/Library/Developer/Xcode/DerivedData/wireguardZoomAutomation-frpouzlaalsanwbrucqxwbaehthj/Build/Intermediates.noindex/wireguardZoomAutomation.build/Debug-iphoneos/ZoomDualUITests.build/ProductTypeInfoPlistAdditions.plist -requiredArchitecture arm64 -o /Users/hem/Library/Developer/Xcode/DerivedData/wireguardZoomAutomation-frpouzlaalsanwbrucqxwbaehthj/Build/Products/Debug-iphoneos/ZoomDualUITests-Runner.app/PlugIns/ZoomDualUITests.xctest/Info.plist

CopySwiftLibs /Users/hem/Library/Developer/Xcode/DerivedData/wireguardZoomAutomation-frpouzlaalsanwbrucqxwbaehthj/Build/Products/Debug-iphoneos/ZoomDualUITests-Runner.app/PlugIns/ZoomDualUITests.xctest (in target 'ZoomDualUITests' from project 'wireguardZoomAutomation')
    cd /Users/hem/Desktop/wireguardZoomAutomation
    builtin-swiftStdLibTool --copy --verbose --sign DAD8602F84CFE6465F4E8913D89D1EAF2978731D --scan-executable /Users/hem/Library/Developer/Xcode/DerivedData/wireguardZoomAutomation-frpouzlaalsanwbrucqxwbaehthj/Build/Products/Debug-iphoneos/ZoomDualUITests-Runner.app/PlugIns/ZoomDualUITests.xctest/ZoomDualUITests --scan-folder /Users/hem/Library/Developer/Xcode/DerivedData/wireguardZoomAutomation-frpouzlaalsanwbrucqxwbaehthj/Build/Products/Debug-iphoneos/ZoomDualUITests-Runner.app/PlugIns/ZoomDualUITests.xctest/Frameworks --scan-folder /Users/hem/Library/Developer/Xcode/DerivedData/wireguardZoomAutomation-frpouzlaalsanwbrucqxwbaehthj/Build/Products/Debug-iphoneos/ZoomDualUITests-Runner.app/PlugIns/ZoomDualUITests.xctest/PlugIns --scan-folder /Users/hem/Library/Developer/Xcode/DerivedData/wireguardZoomAutomation-frpouzlaalsanwbrucqxwbaehthj/Build/Products/Debug-iphoneos/ZoomDualUITests-Runner.app/PlugIns/ZoomDualUITests.xctest/SystemExtensions --scan-folder /Users/hem/Library/Developer/Xcode/DerivedData/wireguardZoomAutomation-frpouzlaalsanwbrucqxwbaehthj/Build/Products/Debug-iphoneos/ZoomDualUITests-Runner.app/PlugIns/ZoomDualUITests.xctest/Extensions --platform iphoneos --toolchain /Applications/Xcode.app/Contents/Developer/Toolchains/XcodeDefault.xctoolchain --destination /Users/hem/Library/Developer/Xcode/DerivedData/wireguardZoomAutomation-frpouzlaalsanwbrucqxwbaehthj/Build/Products/Debug-iphoneos/ZoomDualUITests-Runner.app/PlugIns/ZoomDualUITests.xctest/Frameworks --strip-bitcode --scan-executable /Applications/Xcode.app/Contents/Developer/Platforms/iPhoneOS.platform/Developer/usr/lib/libXCTestSwiftSupport.dylib --strip-bitcode-tool /Applications/Xcode.app/Contents/Developer/Toolchains/XcodeDefault.xctoolchain/usr/bin/bitcode_strip --emit-dependency-info /Users/hem/Library/Developer/Xcode/DerivedData/wireguardZoomAutomation-frpouzlaalsanwbrucqxwbaehthj/Build/Intermediates.noindex/wireguardZoomAutomation.build/Debug-iphoneos/ZoomDualUITests.build/SwiftStdLibToolInputDependencies.dep --filter-for-swift-os --back-deploy-swift-span

ProcessInfoPlistFile /Users/hem/Library/Developer/Xcode/DerivedData/wireguardZoomAutomation-frpouzlaalsanwbrucqxwbaehthj/Build/Products/Debug-iphoneos/wireguardZoomAutomationUITests-Runner.app/PlugIns/wireguardZoomAutomationUITests.xctest/Info.plist /Users/hem/Library/Developer/Xcode/DerivedData/wireguardZoomAutomation-frpouzlaalsanwbrucqxwbaehthj/Build/Intermediates.noindex/wireguardZoomAutomation.build/Debug-iphoneos/wireguardZoomAutomationUITests.build/empty-wireguardZoomAutomationUITests.plist (in target 'wireguardZoomAutomationUITests' from project 'wireguardZoomAutomation')
    cd /Users/hem/Desktop/wireguardZoomAutomation
    builtin-infoPlistUtility /Users/hem/Library/Developer/Xcode/DerivedData/wireguardZoomAutomation-frpouzlaalsanwbrucqxwbaehthj/Build/Intermediates.noindex/wireguardZoomAutomation.build/Debug-iphoneos/wireguardZoomAutomationUITests.build/empty-wireguardZoomAutomationUITests.plist -producttype com.apple.product-type.bundle.ui-testing -expandbuildsettings -format binary -platform iphoneos -additionalcontentfile /Users/hem/Library/Developer/Xcode/DerivedData/wireguardZoomAutomation-frpouzlaalsanwbrucqxwbaehthj/Build/Intermediates.noindex/wireguardZoomAutomation.build/Debug-iphoneos/wireguardZoomAutomationUITests.build/ProductTypeInfoPlistAdditions.plist -requiredArchitecture arm64 -o /Users/hem/Library/Developer/Xcode/DerivedData/wireguardZoomAutomation-frpouzlaalsanwbrucqxwbaehthj/Build/Products/Debug-iphoneos/wireguardZoomAutomationUITests-Runner.app/PlugIns/wireguardZoomAutomationUITests.xctest/Info.plist

CopySwiftLibs /Users/hem/Library/Developer/Xcode/DerivedData/wireguardZoomAutomation-frpouzlaalsanwbrucqxwbaehthj/Build/Products/Debug-iphoneos/wireguardZoomAutomationUITests-Runner.app/PlugIns/wireguardZoomAutomationUITests.xctest (in target 'wireguardZoomAutomationUITests' from project 'wireguardZoomAutomation')
    cd /Users/hem/Desktop/wireguardZoomAutomation
    builtin-swiftStdLibTool --copy --verbose --sign DAD8602F84CFE6465F4E8913D89D1EAF2978731D --scan-executable /Users/hem/Library/Developer/Xcode/DerivedData/wireguardZoomAutomation-frpouzlaalsanwbrucqxwbaehthj/Build/Products/Debug-iphoneos/wireguardZoomAutomationUITests-Runner.app/PlugIns/wireguardZoomAutomationUITests.xctest/wireguardZoomAutomationUITests --scan-folder /Users/hem/Library/Developer/Xcode/DerivedData/wireguardZoomAutomation-frpouzlaalsanwbrucqxwbaehthj/Build/Products/Debug-iphoneos/wireguardZoomAutomationUITests-Runner.app/PlugIns/wireguardZoomAutomationUITests.xctest/Frameworks --scan-folder /Users/hem/Library/Developer/Xcode/DerivedData/wireguardZoomAutomation-frpouzlaalsanwbrucqxwbaehthj/Build/Products/Debug-iphoneos/wireguardZoomAutomationUITests-Runner.app/PlugIns/wireguardZoomAutomationUITests.xctest/PlugIns --scan-folder /Users/hem/Library/Developer/Xcode/DerivedData/wireguardZoomAutomation-frpouzlaalsanwbrucqxwbaehthj/Build/Products/Debug-iphoneos/wireguardZoomAutomationUITests-Runner.app/PlugIns/wireguardZoomAutomationUITests.xctest/SystemExtensions --scan-folder /Users/hem/Library/Developer/Xcode/DerivedData/wireguardZoomAutomation-frpouzlaalsanwbrucqxwbaehthj/Build/Products/Debug-iphoneos/wireguardZoomAutomationUITests-Runner.app/PlugIns/wireguardZoomAutomationUITests.xctest/Extensions --platform iphoneos --toolchain /Applications/Xcode.app/Contents/Developer/Toolchains/XcodeDefault.xctoolchain --destination /Users/hem/Library/Developer/Xcode/DerivedData/wireguardZoomAutomation-frpouzlaalsanwbrucqxwbaehthj/Build/Products/Debug-iphoneos/wireguardZoomAutomationUITests-Runner.app/PlugIns/wireguardZoomAutomationUITests.xctest/Frameworks --strip-bitcode --scan-executable /Applications/Xcode.app/Contents/Developer/Platforms/iPhoneOS.platform/Developer/usr/lib/libXCTestSwiftSupport.dylib --strip-bitcode-tool /Applications/Xcode.app/Contents/Developer/Toolchains/XcodeDefault.xctoolchain/usr/bin/bitcode_strip --emit-dependency-info /Users/hem/Library/Developer/Xcode/DerivedData/wireguardZoomAutomation-frpouzlaalsanwbrucqxwbaehthj/Build/Intermediates.noindex/wireguardZoomAutomation.build/Debug-iphoneos/wireguardZoomAutomationUITests.build/SwiftStdLibToolInputDependencies.dep --filter-for-swift-os --back-deploy-swift-span

CodeSign /Users/hem/Library/Developer/Xcode/DerivedData/wireguardZoomAutomation-frpouzlaalsanwbrucqxwbaehthj/Build/Products/Debug-iphoneos/ZoomDualUITests-Runner.app/PlugIns/ZoomDualUITests.xctest (in target 'ZoomDualUITests' from project 'wireguardZoomAutomation')
    cd /Users/hem/Desktop/wireguardZoomAutomation
    
    Signing Identity:     "Apple Development: chandanacharitha8@gmail.com (GH22PG2FNQ)"
    Provisioning Profile: "iOS Team Provisioning Profile: automation.ZoomDualUITests.xctrunner"
                          (03caaa90-81e0-4208-8b73-3f6dea449d94)
    
    /usr/bin/codesign --force --sign DAD8602F84CFE6465F4E8913D89D1EAF2978731D --entitlements /Users/hem/Library/Developer/Xcode/DerivedData/wireguardZoomAutomation-frpouzlaalsanwbrucqxwbaehthj/Build/Intermediates.noindex/wireguardZoomAutomation.build/Debug-iphoneos/ZoomDualUITests.build/ZoomDualUITests.xctest.xcent --timestamp\=none --generate-entitlement-der /Users/hem/Library/Developer/Xcode/DerivedData/wireguardZoomAutomation-frpouzlaalsanwbrucqxwbaehthj/Build/Products/Debug-iphoneos/ZoomDualUITests-Runner.app/PlugIns/ZoomDualUITests.xctest
/Users/hem/Library/Developer/Xcode/DerivedData/wireguardZoomAutomation-frpouzlaalsanwbrucqxwbaehthj/Build/Products/Debug-iphoneos/ZoomDualUITests-Runner.app/PlugIns/ZoomDualUITests.xctest: replacing existing signature

CodeSign /Users/hem/Library/Developer/Xcode/DerivedData/wireguardZoomAutomation-frpouzlaalsanwbrucqxwbaehthj/Build/Products/Debug-iphoneos/wireguardZoomAutomationUITests-Runner.app/PlugIns/wireguardZoomAutomationUITests.xctest (in target 'wireguardZoomAutomationUITests' from project 'wireguardZoomAutomation')
    cd /Users/hem/Desktop/wireguardZoomAutomation
    
    Signing Identity:     "Apple Development: chandanacharitha8@gmail.com (GH22PG2FNQ)"
    Provisioning Profile: "iOS Team Provisioning Profile: automation.wireguardZoomAutomationUITests.xctrunner"
                          (b865ad2e-32a4-4cd0-a6bd-c81ae20c38de)
    
    /usr/bin/codesign --force --sign DAD8602F84CFE6465F4E8913D89D1EAF2978731D --entitlements /Users/hem/Library/Developer/Xcode/DerivedData/wireguardZoomAutomation-frpouzlaalsanwbrucqxwbaehthj/Build/Intermediates.noindex/wireguardZoomAutomation.build/Debug-iphoneos/wireguardZoomAutomationUITests.build/wireguardZoomAutomationUITests.xctest.xcent --timestamp\=none --generate-entitlement-der /Users/hem/Library/Developer/Xcode/DerivedData/wireguardZoomAutomation-frpouzlaalsanwbrucqxwbaehthj/Build/Products/Debug-iphoneos/wireguardZoomAutomationUITests-Runner.app/PlugIns/wireguardZoomAutomationUITests.xctest
/Users/hem/Library/Developer/Xcode/DerivedData/wireguardZoomAutomation-frpouzlaalsanwbrucqxwbaehthj/Build/Products/Debug-iphoneos/wireguardZoomAutomationUITests-Runner.app/PlugIns/wireguardZoomAutomationUITests.xctest: replacing existing signature

CodeSign /Users/hem/Library/Developer/Xcode/DerivedData/wireguardZoomAutomation-frpouzlaalsanwbrucqxwbaehthj/Build/Products/Debug-iphoneos/ZoomDualUITests-Runner.app (in target 'ZoomDualUITests' from project 'wireguardZoomAutomation')
    cd /Users/hem/Desktop/wireguardZoomAutomation
    
    Signing Identity:     "Apple Development: chandanacharitha8@gmail.com (GH22PG2FNQ)"
    Provisioning Profile: "iOS Team Provisioning Profile: automation.ZoomDualUITests.xctrunner"
                          (03caaa90-81e0-4208-8b73-3f6dea449d94)
    
    /usr/bin/codesign --force --sign DAD8602F84CFE6465F4E8913D89D1EAF2978731D --entitlements /Users/hem/Library/Developer/Xcode/DerivedData/wireguardZoomAutomation-frpouzlaalsanwbrucqxwbaehthj/Build/Intermediates.noindex/wireguardZoomAutomation.build/Debug-iphoneos/ZoomDualUITests.build/ZoomDualUITests.xctest.xcent --timestamp\=none --generate-entitlement-der /Users/hem/Library/Developer/Xcode/DerivedData/wireguardZoomAutomation-frpouzlaalsanwbrucqxwbaehthj/Build/Products/Debug-iphoneos/ZoomDualUITests-Runner.app
/Users/hem/Library/Developer/Xcode/DerivedData/wireguardZoomAutomation-frpouzlaalsanwbrucqxwbaehthj/Build/Products/Debug-iphoneos/ZoomDualUITests-Runner.app: replacing existing signature

CodeSign /Users/hem/Library/Developer/Xcode/DerivedData/wireguardZoomAutomation-frpouzlaalsanwbrucqxwbaehthj/Build/Products/Debug-iphoneos/wireguardZoomAutomationUITests-Runner.app (in target 'wireguardZoomAutomationUITests' from project 'wireguardZoomAutomation')
    cd /Users/hem/Desktop/wireguardZoomAutomation
    
    Signing Identity:     "Apple Development: chandanacharitha8@gmail.com (GH22PG2FNQ)"
    Provisioning Profile: "iOS Team Provisioning Profile: automation.wireguardZoomAutomationUITests.xctrunner"
                          (b865ad2e-32a4-4cd0-a6bd-c81ae20c38de)
    
    /usr/bin/codesign --force --sign DAD8602F84CFE6465F4E8913D89D1EAF2978731D --entitlements /Users/hem/Library/Developer/Xcode/DerivedData/wireguardZoomAutomation-frpouzlaalsanwbrucqxwbaehthj/Build/Intermediates.noindex/wireguardZoomAutomation.build/Debug-iphoneos/wireguardZoomAutomationUITests.build/wireguardZoomAutomationUITests.xctest.xcent --timestamp\=none --generate-entitlement-der /Users/hem/Library/Developer/Xcode/DerivedData/wireguardZoomAutomation-frpouzlaalsanwbrucqxwbaehthj/Build/Products/Debug-iphoneos/wireguardZoomAutomationUITests-Runner.app
/Users/hem/Library/Developer/Xcode/DerivedData/wireguardZoomAutomation-frpouzlaalsanwbrucqxwbaehthj/Build/Products/Debug-iphoneos/wireguardZoomAutomationUITests-Runner.app: replacing existing signature

2025-11-01 22:04:30.179552-0400 ZoomDualUITests-Runner[1004:208608] [Default] Running tests...
    t =      nans Interface orientation changed to Portrait
Test Suite 'Selected tests' started at 2025-11-01 22:04:30.664.
Test Suite 'ZoomDualUITests.xctest' started at 2025-11-01 22:04:30.665.
Test Suite 'ClientAutomation' started at 2025-11-01 22:04:30.665.
Test Case '-[ZoomDualUITests.ClientAutomation testClient_LoopTunnels_JoinAndWait]' started.
    t =     0.00s Start Test at 2025-11-01 22:04:30.666
    t =     0.02s Set Up
    t =     0.02s Open com.wireguard.ios
    t =     0.03s     Launch com.wireguard.ios
    t =     0.03s         Terminate com.wireguard.ios:998
    t =     1.09s         Setting up automation session
    t =     1.21s         Wait for com.wireguard.ios to idle
    t =     2.31s Open com.wireguard.ios
    t =     2.32s     Activate com.wireguard.ios
    t =     2.34s         Wait for com.wireguard.ios to idle
    t =     2.36s Waiting 8.0s for Table (First Match) to exist
    t =     3.38s     Checking `Expect predicate `existsNoRetry == 1` for object Table (First Match)`
    t =     3.38s         Checking existence of `Table (First Match)`
    t =     3.46s Checking existence of `Cell (First Match)`
    t =     3.49s Checking existence of `Cell (First Match)`
    t =     3.52s Checking existence of `Switch (First Match)`
    t =     3.55s Find the Switch (First Match)
    t =     3.59s Tap "rtc-central-us" Switch
    t =     3.59s     Wait for com.wireguard.ios to idle
    t =     3.60s     Find the "rtc-central-us" Switch
    t =     3.62s     Check for interrupting elements affecting "rtc-central-us" Switch
    t =     3.66s     Synthesize event
    t =     3.97s     Wait for com.wireguard.ios to idle
    t =     3.98s Find the "rtc-central-us" Switch
    t =     4.14s Open us.zoom.videomeetings
    t =     4.14s     Launch us.zoom.videomeetings
    t =     4.14s         Terminate us.zoom.videomeetings:1003
    t =     5.25s         Setting up automation session
    t =     5.37s         Wait for us.zoom.videomeetings to idle
    t =     6.88s Open us.zoom.videomeetings
    t =     6.89s     Activate us.zoom.videomeetings
    t =     6.91s         Wait for us.zoom.videomeetings to idle
    t =     7.28s Checking existence of `Alert (First Match)`
    t =     7.35s Checking existence of `Sheet (First Match)`
    t =     7.37s Checking existence of `Other (First Match)`
    t =     7.38s Get all elements bound by index for: Descendants matching type StaticText
    t =     7.41s Find the StaticText (Element at index 0)
    t =     7.44s Find the StaticText (Element at index 1)
    t =     7.46s Find the StaticText (Element at index 2)
    t =     7.48s Find the StaticText (Element at index 3)
    t =     7.50s Find the StaticText (Element at index 4)
    t =     7.52s Find the StaticText (Element at index 5)
    t =     7.55s Checking existence of `"End" Button`
    t =     7.57s Checking existence of `"End Meeting" Button`
    t =     7.59s Checking existence of `"Leave" Button`
    t =     7.61s Checking existence of `Alert (First Match)`
    t =     7.63s Checking existence of `Sheet (First Match)`
    t =     7.64s Checking existence of `Other (First Match)`
    t =     7.65s Checking existence of `"End" Button`
    t =     7.67s Checking existence of `"End" Button`
    t =     7.69s Checking existence of `"End" StaticText`
    t =     7.71s Checking existence of `"End Meeting" Button`
    t =     7.73s Checking existence of `"End Meeting" StaticText`
    t =     7.75s Checking existence of `"End meeting for all" Button`
    t =     7.77s Checking existence of `"End meeting for all" StaticText`
    t =     7.79s Checking existence of `"End Meeting for All" Button`
    t =     7.82s Checking existence of `"End Meeting for All" StaticText`
    t =     7.84s Checking existence of `"Leave" Button`
    t =     7.86s Checking existence of `"Leave" StaticText`
    t =     7.88s Checking existence of `"Leave Meeting" Button`
    t =     7.90s Checking existence of `"Leave Meeting" StaticText`
    t =     7.93s Checking existence of `"OK" Button`
    t =     7.95s Checking existence of `"OK" StaticText`
    t =     7.98s Checking existence of `"Close" Button`
    t =     8.00s Checking existence of `"Close" StaticText`
    t =     8.03s Checking existence of `"Dismiss" Button`
    t =     8.05s Checking existence of `"Dismiss" StaticText`
    t =     8.07s Checking existence of `"Not Now" Button`
    t =     8.09s Checking existence of `"Not Now" StaticText`
    t =     8.11s Checking existence of `"Remind Me Later" Button`
    t =     8.13s Checking existence of `"Remind Me Later" StaticText`
    t =     8.16s Checking existence of `"Later" Button`
    t =     8.18s Checking existence of `"Later" StaticText`
    t =     8.20s Checking existence of `"Continue" Button`
    t =     8.22s Checking existence of `"Continue" StaticText`
    t =     8.24s Checking existence of `"Got it" Button`
    t =     8.27s Checking existence of `"Got it" StaticText`
    t =     8.29s Checking existence of `"Done" Button`
    t =     8.31s Checking existence of `"Done" StaticText`
    t =     8.33s Checking existence of `"Allow" Button`
    t =     8.35s Checking existence of `"Allow" StaticText`
    t =     8.37s Checking existence of `"Don’t Allow" Button`
    t =     8.39s Checking existence of `"Don’t Allow" StaticText`
    t =     8.41s Checking existence of `"Don't Allow" Button`
    t =     8.43s Checking existence of `"Don't Allow" StaticText`
    t =     8.46s Checking existence of `"Allow While Using App" Button`
    t =     8.48s Checking existence of `"Allow While Using App" StaticText`
    t =     8.50s Checking existence of `"Allow Once" Button`
    t =     8.52s Checking existence of `"Allow Once" StaticText`
    t =     8.54s Checking existence of `"Rate Later" Button`
    t =     8.56s Checking existence of `"Rate Later" StaticText`
    t =     8.58s Checking existence of `"Maybe Later" Button`
    t =     8.61s Checking existence of `"Maybe Later" StaticText`
    t =     8.63s Checking existence of `"No Thanks" Button`
    t =     8.66s Checking existence of `"No Thanks" StaticText`
    t =     8.68s Checking existence of `"Skip" Button`
    t =     8.70s Checking existence of `"Skip" StaticText`
    t =     8.72s Checking existence of `"Not now" Button`
    t =     8.74s Checking existence of `"Not now" StaticText`
    t =     8.76s Checking existence of `"Manage" Button`
    t =     8.79s Checking existence of `"Manage" StaticText`
    t =     8.81s Checking existence of `"Settings" Button`
    t =     8.83s Checking existence of `"Settings" StaticText`
    t =     8.86s Open us.zoom.videomeetings
    t =     8.86s     Activate us.zoom.videomeetings
    t =     8.88s         Wait for us.zoom.videomeetings to idle
    t =     8.88s Tap Application 'us.zoom.videomeetings'[0.50, 0.50]
    t =     8.88s     Wait for us.zoom.videomeetings to idle
    t =     8.89s     Find the Application 'us.zoom.videomeetings'
    t =     8.90s     Check for interrupting elements affecting "Zoom" Application
    t =     8.92s     Synthesize event
    t =     8.93s         Find the Application 'us.zoom.videomeetings'
    t =     8.94s         Find the Application 'us.zoom.videomeetings'
    t =     8.96s         Find the Application 'us.zoom.videomeetings'
    t =     9.26s     Wait for us.zoom.videomeetings to idle
    t =     9.27s Checking existence of `Alert (First Match)`
    t =     9.32s Checking existence of `Sheet (First Match)`
    t =     9.35s Checking existence of `Other (First Match)`
    t =     9.36s Checking existence of `"End" Button`
    t =     9.39s Checking existence of `"End" Button`
    t =     9.42s Checking existence of `"End" StaticText`
    t =     9.45s Checking existence of `"End Meeting" Button`
    t =     9.47s Checking existence of `"End Meeting" StaticText`
    t =     9.49s Checking existence of `"End meeting for all" Button`
    t =     9.51s Checking existence of `"End meeting for all" StaticText`
    t =     9.53s Checking existence of `"End Meeting for All" Button`
    t =     9.55s Checking existence of `"End Meeting for All" StaticText`
    t =     9.57s Checking existence of `"Leave" Button`
    t =     9.59s Checking existence of `"Leave" StaticText`
    t =     9.62s Checking existence of `"Leave Meeting" Button`
    t =     9.64s Checking existence of `"Leave Meeting" StaticText`
    t =     9.66s Checking existence of `"OK" Button`
    t =     9.68s Checking existence of `"OK" StaticText`
    t =     9.70s Checking existence of `"Close" Button`
    t =     9.72s Checking existence of `"Close" StaticText`
    t =     9.74s Checking existence of `"Dismiss" Button`
    t =     9.76s Checking existence of `"Dismiss" StaticText`
    t =     9.78s Checking existence of `"Not Now" Button`
    t =     9.80s Checking existence of `"Not Now" StaticText`
    t =     9.82s Checking existence of `"Remind Me Later" Button`
    t =     9.85s Checking existence of `"Remind Me Later" StaticText`
    t =     9.87s Checking existence of `"Later" Button`
    t =     9.89s Checking existence of `"Later" StaticText`
    t =     9.91s Checking existence of `"Continue" Button`
    t =     9.93s Checking existence of `"Continue" StaticText`
    t =     9.95s Checking existence of `"Got it" Button`
    t =     9.97s Checking existence of `"Got it" StaticText`
    t =     9.99s Checking existence of `"Done" Button`
    t =    10.01s Checking existence of `"Done" StaticText`
    t =    10.03s Checking existence of `"Allow" Button`
    t =    10.05s Checking existence of `"Allow" StaticText`
    t =    10.08s Checking existence of `"Don’t Allow" Button`
    t =    10.09s Checking existence of `"Don’t Allow" StaticText`
    t =    10.11s Checking existence of `"Don't Allow" Button`
    t =    10.13s Checking existence of `"Don't Allow" StaticText`
    t =    10.15s Checking existence of `"Allow While Using App" Button`
    t =    10.17s Checking existence of `"Allow While Using App" StaticText`
    t =    10.20s Checking existence of `"Allow Once" Button`
    t =    10.22s Checking existence of `"Allow Once" StaticText`
    t =    10.24s Checking existence of `"Rate Later" Button`
    t =    10.26s Checking existence of `"Rate Later" StaticText`
    t =    10.28s Checking existence of `"Maybe Later" Button`
    t =    10.30s Checking existence of `"Maybe Later" StaticText`
    t =    10.33s Checking existence of `"No Thanks" Button`
    t =    10.35s Checking existence of `"No Thanks" StaticText`
    t =    10.37s Checking existence of `"Skip" Button`
    t =    10.39s Checking existence of `"Skip" StaticText`
    t =    10.41s Checking existence of `"Not now" Button`
    t =    10.43s Checking existence of `"Not now" StaticText`
    t =    10.45s Checking existence of `"Manage" Button`
    t =    10.47s Checking existence of `"Manage" StaticText`
    t =    10.49s Checking existence of `"Settings" Button`
    t =    10.52s Checking existence of `"Settings" StaticText`
    t =    10.54s Get number of matches for: Elements matching predicate 'label == "Decline"'
    t =    10.56s Checking existence of `"Join" Button`
    t =    10.63s Ignoring failure to get hierarchy for remote element in process 788 (Error getting main window kAXErrorServerNotFound)
    t =    10.64s Ignoring failure to get hierarchy for remote element in process 788 (Error getting main window kAXErrorServerNotFound)
    t =    10.65s Checking existence of `"Join" StaticText`
    t =    10.71s Ignoring failure to get hierarchy for remote element in process 788 (Error getting main window kAXErrorServerNotFound)
    t =    10.72s Ignoring failure to get hierarchy for remote element in process 788 (Error getting main window kAXErrorServerNotFound)
    t =    11.13s Open us.zoom.videomeetings
    t =    11.13s     Activate us.zoom.videomeetings
    t =    11.16s         Wait for us.zoom.videomeetings to idle
    t =    11.18s Tap Application 'us.zoom.videomeetings'[0.50, 0.50]
    t =    11.18s     Wait for us.zoom.videomeetings to idle
    t =    11.19s     Find the Application 'us.zoom.videomeetings'
    t =    11.25s     Check for interrupting elements affecting "Zoom" Application
    t =    11.30s     Synthesize event
    t =    11.30s         Find the Application 'us.zoom.videomeetings'
    t =    11.33s         Find the Application 'us.zoom.videomeetings'
    t =    11.36s         Find the Application 'us.zoom.videomeetings'
    t =    11.66s     Wait for us.zoom.videomeetings to idle
    t =    11.68s Checking existence of `Alert (First Match)`
    t =    11.73s Checking existence of `Sheet (First Match)`
    t =    11.76s Checking existence of `Other (First Match)`
    t =    11.77s Checking existence of `"End" Button`
    t =    11.80s Checking existence of `"End" Button`
    t =    11.83s Checking existence of `"End" StaticText`
    t =    11.86s Checking existence of `"End Meeting" Button`
    t =    11.88s Checking existence of `"End Meeting" StaticText`
    t =    11.90s Checking existence of `"End meeting for all" Button`
    t =    11.93s Checking existence of `"End meeting for all" StaticText`
    t =    11.95s Checking existence of `"End Meeting for All" Button`
    t =    11.97s Checking existence of `"End Meeting for All" StaticText`
    t =    11.99s Checking existence of `"Leave" Button`
    t =    12.02s Checking existence of `"Leave" StaticText`
    t =    12.04s Checking existence of `"Leave Meeting" Button`
    t =    12.06s Checking existence of `"Leave Meeting" StaticText`
    t =    12.08s Checking existence of `"OK" Button`
    t =    12.10s Checking existence of `"OK" StaticText`
    t =    12.12s Checking existence of `"Close" Button`
    t =    12.15s Checking existence of `"Close" StaticText`
    t =    12.17s Checking existence of `"Dismiss" Button`
    t =    12.19s Checking existence of `"Dismiss" StaticText`
    t =    12.21s Checking existence of `"Not Now" Button`
    t =    12.23s Checking existence of `"Not Now" StaticText`
    t =    12.25s Checking existence of `"Remind Me Later" Button`
    t =    12.27s Checking existence of `"Remind Me Later" StaticText`
    t =    12.29s Checking existence of `"Later" Button`
    t =    12.31s Checking existence of `"Later" StaticText`
    t =    12.33s Checking existence of `"Continue" Button`
    t =    12.35s Checking existence of `"Continue" StaticText`
    t =    12.37s Checking existence of `"Got it" Button`
    t =    12.39s Checking existence of `"Got it" StaticText`
    t =    12.41s Checking existence of `"Done" Button`
    t =    12.43s Checking existence of `"Done" StaticText`
    t =    12.45s Checking existence of `"Allow" Button`
    t =    12.47s Checking existence of `"Allow" StaticText`
    t =    12.50s Checking existence of `"Don’t Allow" Button`
    t =    12.52s Checking existence of `"Don’t Allow" StaticText`
    t =    12.54s Checking existence of `"Don't Allow" Button`
    t =    12.57s Checking existence of `"Don't Allow" StaticText`
    t =    12.59s Checking existence of `"Allow While Using App" Button`
    t =    12.61s Checking existence of `"Allow While Using App" StaticText`
    t =    12.63s Checking existence of `"Allow Once" Button`
    t =    12.65s Checking existence of `"Allow Once" StaticText`
    t =    12.67s Checking existence of `"Rate Later" Button`
    t =    12.69s Checking existence of `"Rate Later" StaticText`
    t =    12.72s Checking existence of `"Maybe Later" Button`
    t =    12.74s Checking existence of `"Maybe Later" StaticText`
    t =    12.76s Checking existence of `"No Thanks" Button`
    t =    12.78s Checking existence of `"No Thanks" StaticText`
    t =    12.80s Checking existence of `"Skip" Button`
    t =    12.82s Checking existence of `"Skip" StaticText`
    t =    12.84s Checking existence of `"Not now" Button`
    t =    12.86s Checking existence of `"Not now" StaticText`
    t =    12.89s Checking existence of `"Manage" Button`
    t =    12.91s Checking existence of `"Manage" StaticText`
    t =    12.93s Checking existence of `"Settings" Button`
    t =    12.95s Checking existence of `"Settings" StaticText`
    t =    12.97s Get number of matches for: Elements matching predicate 'label == "Decline"'
    t =    12.99s Checking existence of `"Join" Button`
    t =    13.07s Ignoring failure to get hierarchy for remote element in process 788 (Error getting main window kAXErrorServerNotFound)
    t =    13.08s Ignoring failure to get hierarchy for remote element in process 788 (Error getting main window kAXErrorServerNotFound)
    t =    13.09s Checking existence of `"Join" StaticText`
    t =    13.14s Ignoring failure to get hierarchy for remote element in process 788 (Error getting main window kAXErrorServerNotFound)
    t =    13.15s Ignoring failure to get hierarchy for remote element in process 788 (Error getting main window kAXErrorServerNotFound)
    t =    13.56s Open us.zoom.videomeetings
    t =    13.57s     Activate us.zoom.videomeetings
    t =    13.60s         Wait for us.zoom.videomeetings to idle
    t =    13.61s Tap Application 'us.zoom.videomeetings'[0.50, 0.50]
    t =    13.61s     Wait for us.zoom.videomeetings to idle
    t =    13.62s     Find the Application 'us.zoom.videomeetings'
    t =    13.67s     Check for interrupting elements affecting "Zoom" Application
    t =    13.72s     Synthesize event
    t =    13.73s         Find the Application 'us.zoom.videomeetings'
    t =    13.75s         Find the Application 'us.zoom.videomeetings'
    t =    13.78s         Find the Application 'us.zoom.videomeetings'
    t =    14.10s     Wait for us.zoom.videomeetings to idle
    t =    14.11s Checking existence of `Alert (First Match)`
    t =    14.16s Checking existence of `Sheet (First Match)`
    t =    14.19s Checking existence of `Other (First Match)`
    t =    14.20s Checking existence of `"End" Button`
    t =    14.24s Checking existence of `"End" Button`
    t =    14.26s Checking existence of `"End" StaticText`
    t =    14.29s Checking existence of `"End Meeting" Button`
    t =    14.31s Checking existence of `"End Meeting" StaticText`
    t =    14.34s Checking existence of `"End meeting for all" Button`
    t =    14.36s Checking existence of `"End meeting for all" StaticText`
    t =    14.38s Checking existence of `"End Meeting for All" Button`
    t =    14.40s Checking existence of `"End Meeting for All" StaticText`
    t =    14.42s Checking existence of `"Leave" Button`
    t =    14.44s Checking existence of `"Leave" StaticText`
    t =    14.46s Checking existence of `"Leave Meeting" Button`
    t =    14.48s Checking existence of `"Leave Meeting" StaticText`
    t =    14.50s Checking existence of `"OK" Button`
    t =    14.52s Checking existence of `"OK" StaticText`
    t =    14.54s Checking existence of `"Close" Button`
    t =    14.57s Checking existence of `"Close" StaticText`
    t =    14.59s Checking existence of `"Dismiss" Button`
    t =    14.61s Checking existence of `"Dismiss" StaticText`
    t =    14.63s Checking existence of `"Not Now" Button`
    t =    14.65s Checking existence of `"Not Now" StaticText`
    t =    14.67s Checking existence of `"Remind Me Later" Button`
    t =    14.69s Checking existence of `"Remind Me Later" StaticText`
    t =    14.71s Checking existence of `"Later" Button`
    t =    14.73s Checking existence of `"Later" StaticText`
    t =    14.76s Checking existence of `"Continue" Button`
    t =    14.78s Checking existence of `"Continue" StaticText`
    t =    14.80s Checking existence of `"Got it" Button`
    t =    14.82s Checking existence of `"Got it" StaticText`
    t =    14.84s Checking existence of `"Done" Button`
    t =    14.86s Checking existence of `"Done" StaticText`
    t =    14.89s Checking existence of `"Allow" Button`
    t =    14.91s Checking existence of `"Allow" StaticText`
    t =    14.93s Checking existence of `"Don’t Allow" Button`
    t =    14.95s Checking existence of `"Don’t Allow" StaticText`
    t =    14.97s Checking existence of `"Don't Allow" Button`
    t =    14.99s Checking existence of `"Don't Allow" StaticText`
    t =    15.01s Checking existence of `"Allow While Using App" Button`
    t =    15.03s Checking existence of `"Allow While Using App" StaticText`
    t =    15.06s Checking existence of `"Allow Once" Button`
    t =    15.08s Checking existence of `"Allow Once" StaticText`
    t =    15.10s Checking existence of `"Rate Later" Button`
    t =    15.12s Checking existence of `"Rate Later" StaticText`
    t =    15.14s Checking existence of `"Maybe Later" Button`
    t =    15.16s Checking existence of `"Maybe Later" StaticText`
    t =    15.18s Checking existence of `"No Thanks" Button`
    t =    15.20s Checking existence of `"No Thanks" StaticText`
    t =    15.22s Checking existence of `"Skip" Button`
    t =    15.24s Checking existence of `"Skip" StaticText`
    t =    15.26s Checking existence of `"Not now" Button`
    t =    15.28s Checking existence of `"Not now" StaticText`
    t =    15.31s Checking existence of `"Manage" Button`
    t =    15.33s Checking existence of `"Manage" StaticText`
    t =    15.36s Checking existence of `"Settings" Button`
    t =    15.37s Checking existence of `"Settings" StaticText`
    t =    15.40s Get number of matches for: Elements matching predicate 'label == "Decline"'
    t =    15.42s Checking existence of `"Join" Button`
    t =    15.48s Ignoring failure to get hierarchy for remote element in process 788 (Error getting main window kAXErrorServerNotFound)
    t =    15.49s Ignoring failure to get hierarchy for remote element in process 788 (Error getting main window kAXErrorServerNotFound)
    t =    15.49s Checking existence of `"Join" StaticText`
    t =    15.54s Ignoring failure to get hierarchy for remote element in process 788 (Error getting main window kAXErrorServerNotFound)
    t =    15.55s Ignoring failure to get hierarchy for remote element in process 788 (Error getting main window kAXErrorServerNotFound)
    t =    15.96s Open us.zoom.videomeetings
    t =    15.97s     Activate us.zoom.videomeetings
    t =    16.00s         Wait for us.zoom.videomeetings to idle
    t =    16.01s Tap Application 'us.zoom.videomeetings'[0.50, 0.50]
    t =    16.02s     Wait for us.zoom.videomeetings to idle
    t =    16.02s     Find the Application 'us.zoom.videomeetings'
    t =    16.08s     Check for interrupting elements affecting "Zoom" Application
    t =    16.13s     Synthesize event
    t =    16.14s         Find the Application 'us.zoom.videomeetings'
    t =    16.16s         Find the Application 'us.zoom.videomeetings'
    t =    16.31s         Find the Application 'us.zoom.videomeetings'
    t =    16.66s     Wait for us.zoom.videomeetings to idle
    t =    16.67s Checking existence of `Alert (First Match)`
    t =    16.72s Checking existence of `Sheet (First Match)`
    t =    16.75s Checking existence of `Other (First Match)`
    t =    16.76s Checking existence of `"End" Button`
    t =    16.80s Checking existence of `"End" Button`
    t =    16.83s Checking existence of `"End" StaticText`
    t =    16.86s Checking existence of `"End Meeting" Button`
    t =    16.88s Checking existence of `"End Meeting" StaticText`
    t =    16.90s Checking existence of `"End meeting for all" Button`
    t =    16.92s Checking existence of `"End meeting for all" StaticText`
    t =    16.94s Checking existence of `"End Meeting for All" Button`
    t =    16.96s Checking existence of `"End Meeting for All" StaticText`
    t =    16.98s Checking existence of `"Leave" Button`
    t =    17.00s Checking existence of `"Leave" StaticText`
    t =    17.02s Checking existence of `"Leave Meeting" Button`
    t =    17.04s Checking existence of `"Leave Meeting" StaticText`
    t =    17.06s Checking existence of `"OK" Button`
    t =    17.09s Checking existence of `"OK" StaticText`
    t =    17.11s Checking existence of `"Close" Button`
    t =    17.13s Checking existence of `"Close" StaticText`
    t =    17.15s Checking existence of `"Dismiss" Button`
    t =    17.17s Checking existence of `"Dismiss" StaticText`
    t =    17.19s Checking existence of `"Not Now" Button`
    t =    17.21s Checking existence of `"Not Now" StaticText`
    t =    17.23s Checking existence of `"Remind Me Later" Button`
    t =    17.26s Checking existence of `"Remind Me Later" StaticText`
    t =    17.28s Checking existence of `"Later" Button`
    t =    17.30s Checking existence of `"Later" StaticText`
    t =    17.32s Checking existence of `"Continue" Button`
    t =    17.34s Checking existence of `"Continue" StaticText`
    t =    17.36s Checking existence of `"Got it" Button`
    t =    17.38s Checking existence of `"Got it" StaticText`
    t =    17.41s Checking existence of `"Done" Button`
    t =    17.43s Checking existence of `"Done" StaticText`
    t =    17.45s Checking existence of `"Allow" Button`
    t =    17.47s Checking existence of `"Allow" StaticText`
    t =    17.49s Checking existence of `"Don’t Allow" Button`
    t =    17.51s Checking existence of `"Don’t Allow" StaticText`
    t =    17.53s Checking existence of `"Don't Allow" Button`
    t =    17.55s Checking existence of `"Don't Allow" StaticText`
    t =    17.57s Checking existence of `"Allow While Using App" Button`
    t =    17.59s Checking existence of `"Allow While Using App" StaticText`
    t =    17.61s Checking existence of `"Allow Once" Button`
    t =    17.64s Checking existence of `"Allow Once" StaticText`
    t =    17.66s Checking existence of `"Rate Later" Button`
    t =    17.68s Checking existence of `"Rate Later" StaticText`
    t =    17.70s Checking existence of `"Maybe Later" Button`
    t =    17.72s Checking existence of `"Maybe Later" StaticText`
    t =    17.74s Checking existence of `"No Thanks" Button`
    t =    17.77s Checking existence of `"No Thanks" StaticText`
    t =    17.79s Checking existence of `"Skip" Button`
    t =    17.81s Checking existence of `"Skip" StaticText`
    t =    17.83s Checking existence of `"Not now" Button`
    t =    17.85s Checking existence of `"Not now" StaticText`
    t =    17.87s Checking existence of `"Manage" Button`
    t =    17.89s Checking existence of `"Manage" StaticText`
    t =    17.91s Checking existence of `"Settings" Button`
    t =    17.94s Checking existence of `"Settings" StaticText`
    t =    17.96s Get number of matches for: Elements matching predicate 'label == "Decline"'
    t =    17.98s Checking existence of `"Join" Button`
    t =    18.05s Ignoring failure to get hierarchy for remote element in process 788 (Error getting main window kAXErrorServerNotFound)
    t =    18.06s Ignoring failure to get hierarchy for remote element in process 788 (Error getting main window kAXErrorServerNotFound)
    t =    18.07s Checking existence of `"Join" StaticText`
    t =    18.12s Ignoring failure to get hierarchy for remote element in process 788 (Error getting main window kAXErrorServerNotFound)
    t =    18.13s Ignoring failure to get hierarchy for remote element in process 788 (Error getting main window kAXErrorServerNotFound)
    t =    18.54s Open us.zoom.videomeetings
    t =    18.54s     Activate us.zoom.videomeetings
    t =    18.58s         Wait for us.zoom.videomeetings to idle
    t =    18.59s Tap Application 'us.zoom.videomeetings'[0.50, 0.50]
    t =    18.59s     Wait for us.zoom.videomeetings to idle
    t =    18.60s     Find the Application 'us.zoom.videomeetings'
    t =    18.65s     Check for interrupting elements affecting "Zoom" Application
    t =    18.70s     Synthesize event
    t =    18.71s         Find the Application 'us.zoom.videomeetings'
    t =    18.73s         Find the Application 'us.zoom.videomeetings'
    t =    18.77s         Find the Application 'us.zoom.videomeetings'
    t =    19.08s     Wait for us.zoom.videomeetings to idle
    t =    19.09s Checking existence of `Alert (First Match)`
    t =    19.14s Checking existence of `Sheet (First Match)`
    t =    19.17s Checking existence of `Other (First Match)`
    t =    19.18s Checking existence of `"End" Button`
    t =    19.22s Checking existence of `"End" Button`
    t =    19.25s Checking existence of `"End" StaticText`
    t =    19.27s Checking existence of `"End Meeting" Button`
    t =    19.29s Checking existence of `"End Meeting" StaticText`
    t =    19.32s Checking existence of `"End meeting for all" Button`
    t =    19.34s Checking existence of `"End meeting for all" StaticText`
    t =    19.36s Checking existence of `"End Meeting for All" Button`
    t =    19.38s Checking existence of `"End Meeting for All" StaticText`
    t =    19.40s Checking existence of `"Leave" Button`
    t =    19.43s Checking existence of `"Leave" StaticText`
    t =    19.45s Checking existence of `"Leave Meeting" Button`
    t =    19.47s Checking existence of `"Leave Meeting" StaticText`
    t =    19.49s Checking existence of `"OK" Button`
    t =    19.51s Checking existence of `"OK" StaticText`
    t =    19.53s Checking existence of `"Close" Button`
    t =    19.56s Checking existence of `"Close" StaticText`
    t =    19.58s Checking existence of `"Dismiss" Button`
    t =    19.60s Checking existence of `"Dismiss" StaticText`
    t =    19.62s Checking existence of `"Not Now" Button`
    t =    19.64s Checking existence of `"Not Now" StaticText`
    t =    19.66s Checking existence of `"Remind Me Later" Button`
    t =    19.68s Checking existence of `"Remind Me Later" StaticText`
    t =    19.70s Checking existence of `"Later" Button`
    t =    19.72s Checking existence of `"Later" StaticText`
    t =    19.74s Checking existence of `"Continue" Button`
    t =    19.76s Checking existence of `"Continue" StaticText`
    t =    19.78s Checking existence of `"Got it" Button`
    t =    19.80s Checking existence of `"Got it" StaticText`
    t =    19.83s Checking existence of `"Done" Button`
    t =    19.84s Checking existence of `"Done" StaticText`
    t =    19.87s Checking existence of `"Allow" Button`
    t =    19.89s Checking existence of `"Allow" StaticText`
    t =    19.91s Checking existence of `"Don’t Allow" Button`
    t =    19.93s Checking existence of `"Don’t Allow" StaticText`
    t =    19.95s Checking existence of `"Don't Allow" Button`
    t =    19.97s Checking existence of `"Don't Allow" StaticText`
    t =    19.99s Checking existence of `"Allow While Using App" Button`
    t =    20.01s Checking existence of `"Allow While Using App" StaticText`
    t =    20.03s Checking existence of `"Allow Once" Button`
    t =    20.05s Checking existence of `"Allow Once" StaticText`
    t =    20.08s Checking existence of `"Rate Later" Button`
    t =    20.10s Checking existence of `"Rate Later" StaticText`
    t =    20.12s Checking existence of `"Maybe Later" Button`
    t =    20.14s Checking existence of `"Maybe Later" StaticText`
    t =    20.16s Checking existence of `"No Thanks" Button`
    t =    20.18s Checking existence of `"No Thanks" StaticText`
    t =    20.20s Checking existence of `"Skip" Button`
    t =    20.22s Checking existence of `"Skip" StaticText`
    t =    20.24s Checking existence of `"Not now" Button`
    t =    20.26s Checking existence of `"Not now" StaticText`
    t =    20.28s Checking existence of `"Manage" Button`
    t =    20.31s Checking existence of `"Manage" StaticText`
    t =    20.33s Checking existence of `"Settings" Button`
    t =    20.35s Checking existence of `"Settings" StaticText`
    t =    20.37s Get number of matches for: Elements matching predicate 'label == "Decline"'
    t =    20.40s Checking existence of `"Join" Button`
    t =    20.47s Ignoring failure to get hierarchy for remote element in process 788 (Error getting main window kAXErrorServerNotFound)
    t =    20.48s Ignoring failure to get hierarchy for remote element in process 788 (Error getting main window kAXErrorServerNotFound)
    t =    20.49s Checking existence of `"Join" StaticText`
    t =    20.55s Ignoring failure to get hierarchy for remote element in process 788 (Error getting main window kAXErrorServerNotFound)
    t =    20.55s Ignoring failure to get hierarchy for remote element in process 788 (Error getting main window kAXErrorServerNotFound)
    t =    20.96s Open us.zoom.videomeetings
    t =    20.97s     Activate us.zoom.videomeetings
    t =    21.00s         Wait for us.zoom.videomeetings to idle
    t =    21.01s Tap Application 'us.zoom.videomeetings'[0.50, 0.50]
    t =    21.01s     Wait for us.zoom.videomeetings to idle
    t =    21.02s     Find the Application 'us.zoom.videomeetings'
    t =    21.07s     Check for interrupting elements affecting "Zoom" Application
    t =    21.13s     Synthesize event
    t =    21.13s         Find the Application 'us.zoom.videomeetings'
    t =    21.16s         Find the Application 'us.zoom.videomeetings'
    t =    21.19s         Find the Application 'us.zoom.videomeetings'
    t =    21.49s     Wait for us.zoom.videomeetings to idle
    t =    21.51s Checking existence of `Alert (First Match)`
    t =    21.56s Checking existence of `Sheet (First Match)`
    t =    21.59s Checking existence of `Other (First Match)`
    t =    21.60s Checking existence of `"End" Button`
    t =    21.63s Checking existence of `"End" Button`
    t =    21.66s Checking existence of `"End" StaticText`
    t =    21.69s Checking existence of `"End Meeting" Button`
    t =    21.72s Checking existence of `"End Meeting" StaticText`
    t =    21.74s Checking existence of `"End meeting for all" Button`
    t =    21.76s Checking existence of `"End meeting for all" StaticText`
    t =    21.79s Checking existence of `"End Meeting for All" Button`
    t =    21.81s Checking existence of `"End Meeting for All" StaticText`
    t =    21.83s Checking existence of `"Leave" Button`
    t =    21.85s Checking existence of `"Leave" StaticText`
    t =    21.87s Checking existence of `"Leave Meeting" Button`
    t =    21.89s Checking existence of `"Leave Meeting" StaticText`
    t =    21.92s Checking existence of `"OK" Button`
    t =    21.94s Checking existence of `"OK" StaticText`
    t =    21.96s Checking existence of `"Close" Button`
    t =    21.98s Checking existence of `"Close" StaticText`
    t =    22.00s Checking existence of `"Dismiss" Button`
    t =    22.03s Checking existence of `"Dismiss" StaticText`
    t =    22.05s Checking existence of `"Not Now" Button`
    t =    22.07s Checking existence of `"Not Now" StaticText`
    t =    22.09s Checking existence of `"Remind Me Later" Button`
    t =    22.11s Checking existence of `"Remind Me Later" StaticText`
    t =    22.13s Checking existence of `"Later" Button`
    t =    22.15s Checking existence of `"Later" StaticText`
    t =    22.17s Checking existence of `"Continue" Button`
    t =    22.19s Checking existence of `"Continue" StaticText`
    t =    22.21s Checking existence of `"Got it" Button`
    t =    22.23s Checking existence of `"Got it" StaticText`
    t =    22.25s Checking existence of `"Done" Button`
    t =    22.27s Checking existence of `"Done" StaticText`
    t =    22.29s Checking existence of `"Allow" Button`
    t =    22.31s Checking existence of `"Allow" StaticText`
    t =    22.33s Checking existence of `"Don’t Allow" Button`
    t =    22.36s Checking existence of `"Don’t Allow" StaticText`
    t =    22.38s Checking existence of `"Don't Allow" Button`
    t =    22.40s Checking existence of `"Don't Allow" StaticText`
    t =    22.42s Checking existence of `"Allow While Using App" Button`
    t =    22.44s Checking existence of `"Allow While Using App" StaticText`
    t =    22.46s Checking existence of `"Allow Once" Button`
    t =    22.48s Checking existence of `"Allow Once" StaticText`
    t =    22.50s Checking existence of `"Rate Later" Button`
    t =    22.53s Checking existence of `"Rate Later" StaticText`
    t =    22.55s Checking existence of `"Maybe Later" Button`
    t =    22.57s Checking existence of `"Maybe Later" StaticText`
    t =    22.59s Checking existence of `"No Thanks" Button`
    t =    22.61s Checking existence of `"No Thanks" StaticText`
    t =    22.64s Checking existence of `"Skip" Button`
    t =    22.66s Checking existence of `"Skip" StaticText`
    t =    22.68s Checking existence of `"Not now" Button`
    t =    22.70s Checking existence of `"Not now" StaticText`
    t =    22.72s Checking existence of `"Manage" Button`
    t =    22.74s Checking existence of `"Manage" StaticText`
    t =    22.76s Checking existence of `"Settings" Button`
    t =    22.79s Checking existence of `"Settings" StaticText`
    t =    22.81s Get number of matches for: Elements matching predicate 'label == "Decline"'
    t =    22.83s Checking existence of `"Join" Button`
    t =    22.90s Ignoring failure to get hierarchy for remote element in process 788 (Error getting main window kAXErrorServerNotFound)
    t =    22.91s Ignoring failure to get hierarchy for remote element in process 788 (Error getting main window kAXErrorServerNotFound)
    t =    22.91s Checking existence of `"Join" StaticText`
    t =    22.97s Ignoring failure to get hierarchy for remote element in process 788 (Error getting main window kAXErrorServerNotFound)
    t =    22.98s Ignoring failure to get hierarchy for remote element in process 788 (Error getting main window kAXErrorServerNotFound)
    t =    23.39s Open us.zoom.videomeetings
    t =    23.39s     Activate us.zoom.videomeetings
    t =    23.42s         Wait for us.zoom.videomeetings to idle
    t =    23.43s Tap Application 'us.zoom.videomeetings'[0.50, 0.50]
    t =    23.44s     Wait for us.zoom.videomeetings to idle
    t =    23.44s     Find the Application 'us.zoom.videomeetings'
    t =    23.50s     Check for interrupting elements affecting "Zoom" Application
    t =    23.55s     Synthesize event
    t =    23.56s         Find the Application 'us.zoom.videomeetings'
    t =    23.58s         Find the Application 'us.zoom.videomeetings'
    t =    23.62s         Find the Application 'us.zoom.videomeetings'
    t =    23.93s     Wait for us.zoom.videomeetings to idle
    t =    23.94s Checking existence of `Alert (First Match)`
    t =    23.99s Checking existence of `Sheet (First Match)`
    t =    24.02s Checking existence of `Other (First Match)`
    t =    24.03s Checking existence of `"End" Button`
    t =    24.07s Checking existence of `"End" Button`
    t =    24.10s Checking existence of `"End" StaticText`
    t =    24.13s Checking existence of `"End Meeting" Button`
    t =    24.15s Checking existence of `"End Meeting" StaticText`
    t =    24.17s Checking existence of `"End meeting for all" Button`
    t =    24.19s Checking existence of `"End meeting for all" StaticText`
    t =    24.21s Checking existence of `"End Meeting for All" Button`
    t =    24.24s Checking existence of `"End Meeting for All" StaticText`
    t =    24.26s Checking existence of `"Leave" Button`
    t =    24.28s Checking existence of `"Leave" StaticText`
    t =    24.30s Checking existence of `"Leave Meeting" Button`
    t =    24.32s Checking existence of `"Leave Meeting" StaticText`
    t =    24.35s Checking existence of `"OK" Button`
    t =    24.37s Checking existence of `"OK" StaticText`
    t =    24.39s Checking existence of `"Close" Button`
    t =    24.41s Checking existence of `"Close" StaticText`
    t =    24.43s Checking existence of `"Dismiss" Button`
    t =    24.45s Checking existence of `"Dismiss" StaticText`
    t =    24.47s Checking existence of `"Not Now" Button`
    t =    24.49s Checking existence of `"Not Now" StaticText`
    t =    24.52s Checking existence of `"Remind Me Later" Button`
    t =    24.54s Checking existence of `"Remind Me Later" StaticText`
    t =    24.56s Checking existence of `"Later" Button`
    t =    24.58s Checking existence of `"Later" StaticText`
    t =    24.60s Checking existence of `"Continue" Button`
    t =    24.62s Checking existence of `"Continue" StaticText`
    t =    24.64s Checking existence of `"Got it" Button`
    t =    24.67s Checking existence of `"Got it" StaticText`
    t =    24.69s Checking existence of `"Done" Button`
    t =    24.71s Checking existence of `"Done" StaticText`
    t =    24.73s Checking existence of `"Allow" Button`
    t =    24.75s Checking existence of `"Allow" StaticText`
    t =    24.77s Checking existence of `"Don’t Allow" Button`
    t =    24.79s Checking existence of `"Don’t Allow" StaticText`
    t =    24.81s Checking existence of `"Don't Allow" Button`
    t =    24.83s Checking existence of `"Don't Allow" StaticText`
    t =    24.86s Checking existence of `"Allow While Using App" Button`
    t =    24.88s Checking existence of `"Allow While Using App" StaticText`
    t =    24.90s Checking existence of `"Allow Once" Button`
    t =    24.92s Checking existence of `"Allow Once" StaticText`
    t =    24.94s Checking existence of `"Rate Later" Button`
    t =    24.96s Checking existence of `"Rate Later" StaticText`
    t =    24.98s Checking existence of `"Maybe Later" Button`
    t =    25.00s Checking existence of `"Maybe Later" StaticText`
    t =    25.03s Checking existence of `"No Thanks" Button`
    t =    25.05s Checking existence of `"No Thanks" StaticText`
    t =    25.07s Checking existence of `"Skip" Button`
    t =    25.09s Checking existence of `"Skip" StaticText`
    t =    25.11s Checking existence of `"Not now" Button`
    t =    25.13s Checking existence of `"Not now" StaticText`
    t =    25.15s Checking existence of `"Manage" Button`
    t =    25.17s Checking existence of `"Manage" StaticText`
    t =    25.20s Checking existence of `"Settings" Button`
    t =    25.22s Checking existence of `"Settings" StaticText`
    t =    25.24s Get number of matches for: Elements matching predicate 'label == "Decline"'
    t =    25.26s Checking existence of `"Join" Button`
    t =    25.33s Ignoring failure to get hierarchy for remote element in process 788 (Error getting main window kAXErrorServerNotFound)
    t =    25.34s Ignoring failure to get hierarchy for remote element in process 788 (Error getting main window kAXErrorServerNotFound)
    t =    25.34s Checking existence of `"Join" StaticText`
    t =    25.40s Ignoring failure to get hierarchy for remote element in process 788 (Error getting main window kAXErrorServerNotFound)
    t =    25.41s Ignoring failure to get hierarchy for remote element in process 788 (Error getting main window kAXErrorServerNotFound)
    t =    25.82s Open us.zoom.videomeetings
    t =    25.83s     Activate us.zoom.videomeetings
    t =    25.86s         Wait for us.zoom.videomeetings to idle
    t =    25.87s Tap Application 'us.zoom.videomeetings'[0.50, 0.50]
    t =    25.87s     Wait for us.zoom.videomeetings to idle
    t =    25.88s     Find the Application 'us.zoom.videomeetings'
    t =    25.94s     Check for interrupting elements affecting "Zoom" Application
    t =    25.98s     Synthesize event
    t =    25.99s         Find the Application 'us.zoom.videomeetings'
    t =    26.01s         Find the Application 'us.zoom.videomeetings'
    t =    26.05s         Find the Application 'us.zoom.videomeetings'
    t =    26.36s     Wait for us.zoom.videomeetings to idle
    t =    26.37s Checking existence of `Alert (First Match)`
    t =    26.42s Checking existence of `Sheet (First Match)`
    t =    26.46s Checking existence of `Other (First Match)`
    t =    26.47s Checking existence of `"End" Button`
    t =    26.50s Checking existence of `"End" Button`
** BUILD INTERRUPTED **
