Command line invocation:
    /Applications/Xcode.app/Contents/Developer/usr/bin/xcodebuild -project wireguardZoomAutomation.xcodeproj -scheme wireguardZoomAutomation -destination id=00008120-00107819262A601E -parallel-testing-enabled NO "-only-testing:ZoomDualUITests/HostAutomation" test

ComputePackagePrebuildTargetDependencyGraph

Prepare packages

CreateBuildRequest

SendProjectDescription

CreateBuildOperation

ComputeTargetDependencyGraph
note: Building targets in dependency order
note: Target dependency graph (4 targets)
    Target 'wireguardZoomAutomationUITests' in project 'wireguardZoomAutomation'
        ➜ Explicit dependency on target 'wireguardZoomAutomation' in project 'wireguardZoomAutomation'
    Target 'wireguardZoomAutomationTests' in project 'wireguardZoomAutomation'
        ➜ Explicit dependency on target 'wireguardZoomAutomation' in project 'wireguardZoomAutomation'
    Target 'ZoomDualUITests' in project 'wireguardZoomAutomation'
        ➜ Explicit dependency on target 'wireguardZoomAutomation' in project 'wireguardZoomAutomation'
    Target 'wireguardZoomAutomation' in project 'wireguardZoomAutomation' (no dependencies)

GatherProvisioningInputs

CreateBuildDescription

ExecuteExternalTool /Applications/Xcode.app/Contents/Developer/usr/bin/actool --print-asset-tag-combinations --output-format xml1 /Users/hem/Desktop/wireguardZoomAutomation/wireguardZoomAutomation/Assets.xcassets

ExecuteExternalTool /Applications/Xcode.app/Contents/Developer/Toolchains/XcodeDefault.xctoolchain/usr/bin/clang -v -E -dM -isysroot /Applications/Xcode.app/Contents/Developer/Platforms/iPhoneOS.platform/Developer/SDKs/iPhoneOS26.0.sdk -x c -c /dev/null

ExecuteExternalTool /Applications/Xcode.app/Contents/Developer/Toolchains/XcodeDefault.xctoolchain/usr/bin/swiftc --version

ExecuteExternalTool /Applications/Xcode.app/Contents/Developer/usr/bin/actool --version --output-format xml1

ExecuteExternalTool /Applications/Xcode.app/Contents/Developer/Toolchains/XcodeDefault.xctoolchain/usr/bin/ld -version_details

Build description signature: 7e1503e8655c3725a879e47bfd3b8059
Build description path: /Users/hem/Library/Developer/Xcode/DerivedData/wireguardZoomAutomation-frpouzlaalsanwbrucqxwbaehthj/Build/Intermediates.noindex/XCBuildData/7e1503e8655c3725a879e47bfd3b8059.xcbuilddata
ProcessProductPackaging "" /Users/hem/Library/Developer/Xcode/DerivedData/wireguardZoomAutomation-frpouzlaalsanwbrucqxwbaehthj/Build/Intermediates.noindex/wireguardZoomAutomation.build/Debug-iphoneos/wireguardZoomAutomation.build/wireguardZoomAutomation.app.xcent (in target 'wireguardZoomAutomation' from project 'wireguardZoomAutomation')
    cd /Users/hem/Desktop/wireguardZoomAutomation
    
    Entitlements:
    
    {
    "application-identifier" = "8PL8M7Y7H2.automation.wireguardZoomAutomation";
    "com.apple.developer.team-identifier" = 8PL8M7Y7H2;
    "get-task-allow" = 1;
}
    
    builtin-productPackagingUtility -entitlements -format xml -o /Users/hem/Library/Developer/Xcode/DerivedData/wireguardZoomAutomation-frpouzlaalsanwbrucqxwbaehthj/Build/Intermediates.noindex/wireguardZoomAutomation.build/Debug-iphoneos/wireguardZoomAutomation.build/wireguardZoomAutomation.app.xcent

ProcessProductPackagingDER /Users/hem/Library/Developer/Xcode/DerivedData/wireguardZoomAutomation-frpouzlaalsanwbrucqxwbaehthj/Build/Intermediates.noindex/wireguardZoomAutomation.build/Debug-iphoneos/wireguardZoomAutomation.build/wireguardZoomAutomation.app.xcent /Users/hem/Library/Developer/Xcode/DerivedData/wireguardZoomAutomation-frpouzlaalsanwbrucqxwbaehthj/Build/Intermediates.noindex/wireguardZoomAutomation.build/Debug-iphoneos/wireguardZoomAutomation.build/wireguardZoomAutomation.app.xcent.der (in target 'wireguardZoomAutomation' from project 'wireguardZoomAutomation')
    cd /Users/hem/Desktop/wireguardZoomAutomation
    /usr/bin/derq query -f xml -i /Users/hem/Library/Developer/Xcode/DerivedData/wireguardZoomAutomation-frpouzlaalsanwbrucqxwbaehthj/Build/Intermediates.noindex/wireguardZoomAutomation.build/Debug-iphoneos/wireguardZoomAutomation.build/wireguardZoomAutomation.app.xcent -o /Users/hem/Library/Developer/Xcode/DerivedData/wireguardZoomAutomation-frpouzlaalsanwbrucqxwbaehthj/Build/Intermediates.noindex/wireguardZoomAutomation.build/Debug-iphoneos/wireguardZoomAutomation.build/wireguardZoomAutomation.app.xcent.der --raw

ClangStatCache /Applications/Xcode.app/Contents/Developer/Toolchains/XcodeDefault.xctoolchain/usr/bin/clang-stat-cache /Applications/Xcode.app/Contents/Developer/Platforms/iPhoneOS.platform/Developer/SDKs/iPhoneOS26.0.sdk /Users/hem/Library/Developer/Xcode/DerivedData/SDKStatCaches.noindex/iphoneos26.0-23A339-81ce72e5b06c9602b9d30b56f2eed08a.sdkstatcache
    cd /Users/hem/Desktop/wireguardZoomAutomation/wireguardZoomAutomation.xcodeproj
    /Applications/Xcode.app/Contents/Developer/Toolchains/XcodeDefault.xctoolchain/usr/bin/clang-stat-cache /Applications/Xcode.app/Contents/Developer/Platforms/iPhoneOS.platform/Developer/SDKs/iPhoneOS26.0.sdk -o /Users/hem/Library/Developer/Xcode/DerivedData/SDKStatCaches.noindex/iphoneos26.0-23A339-81ce72e5b06c9602b9d30b56f2eed08a.sdkstatcache

ProcessProductPackaging "" /Users/hem/Library/Developer/Xcode/DerivedData/wireguardZoomAutomation-frpouzlaalsanwbrucqxwbaehthj/Build/Intermediates.noindex/wireguardZoomAutomation.build/Debug-iphoneos/wireguardZoomAutomationUITests.build/wireguardZoomAutomationUITests.xctest.xcent (in target 'wireguardZoomAutomationUITests' from project 'wireguardZoomAutomation')
    cd /Users/hem/Desktop/wireguardZoomAutomation
    
    Entitlements:
    
    {
    "application-identifier" = "8PL8M7Y7H2.automation.wireguardZoomAutomationUITests.xctrunner";
    "com.apple.developer.team-identifier" = 8PL8M7Y7H2;
    "get-task-allow" = 1;
    "keychain-access-groups" =     (
        "8PL8M7Y7H2.automation.wireguardZoomAutomationUITests.xctrunner"
    );
}
    
    builtin-productPackagingUtility -entitlements -format xml -o /Users/hem/Library/Developer/Xcode/DerivedData/wireguardZoomAutomation-frpouzlaalsanwbrucqxwbaehthj/Build/Intermediates.noindex/wireguardZoomAutomation.build/Debug-iphoneos/wireguardZoomAutomationUITests.build/wireguardZoomAutomationUITests.xctest.xcent

ProcessProductPackaging "" /Users/hem/Library/Developer/Xcode/DerivedData/wireguardZoomAutomation-frpouzlaalsanwbrucqxwbaehthj/Build/Intermediates.noindex/wireguardZoomAutomation.build/Debug-iphoneos/ZoomDualUITests.build/ZoomDualUITests.xctest.xcent (in target 'ZoomDualUITests' from project 'wireguardZoomAutomation')
    cd /Users/hem/Desktop/wireguardZoomAutomation
    
    Entitlements:
    
    {
    "application-identifier" = "8PL8M7Y7H2.automation.ZoomDualUITests.xctrunner";
    "com.apple.developer.team-identifier" = 8PL8M7Y7H2;
    "get-task-allow" = 1;
    "keychain-access-groups" =     (
        "8PL8M7Y7H2.automation.ZoomDualUITests.xctrunner"
    );
}
    
    builtin-productPackagingUtility -entitlements -format xml -o /Users/hem/Library/Developer/Xcode/DerivedData/wireguardZoomAutomation-frpouzlaalsanwbrucqxwbaehthj/Build/Intermediates.noindex/wireguardZoomAutomation.build/Debug-iphoneos/ZoomDualUITests.build/ZoomDualUITests.xctest.xcent

CompileAssetCatalogVariant thinned /Users/hem/Library/Developer/Xcode/DerivedData/wireguardZoomAutomation-frpouzlaalsanwbrucqxwbaehthj/Build/Products/Debug-iphoneos/wireguardZoomAutomation.app /Users/hem/Desktop/wireguardZoomAutomation/wireguardZoomAutomation/Assets.xcassets (in target 'wireguardZoomAutomation' from project 'wireguardZoomAutomation')
    cd /Users/hem/Desktop/wireguardZoomAutomation
    /Applications/Xcode.app/Contents/Developer/usr/bin/actool /Users/hem/Desktop/wireguardZoomAutomation/wireguardZoomAutomation/Assets.xcassets --compile /Users/hem/Library/Developer/Xcode/DerivedData/wireguardZoomAutomation-frpouzlaalsanwbrucqxwbaehthj/Build/Intermediates.noindex/wireguardZoomAutomation.build/Debug-iphoneos/wireguardZoomAutomation.build/assetcatalog_output/thinned --output-format human-readable-text --notices --warnings --export-dependency-info /Users/hem/Library/Developer/Xcode/DerivedData/wireguardZoomAutomation-frpouzlaalsanwbrucqxwbaehthj/Build/Intermediates.noindex/wireguardZoomAutomation.build/Debug-iphoneos/wireguardZoomAutomation.build/assetcatalog_dependencies_thinned --output-partial-info-plist /Users/hem/Library/Developer/Xcode/DerivedData/wireguardZoomAutomation-frpouzlaalsanwbrucqxwbaehthj/Build/Intermediates.noindex/wireguardZoomAutomation.build/Debug-iphoneos/wireguardZoomAutomation.build/assetcatalog_generated_info.plist_thinned --app-icon AppIcon --accent-color AccentColor --compress-pngs --enable-on-demand-resources YES --filter-for-thinning-device-configuration iPhone15,4 --filter-for-device-os-version 18.6.2 --development-region en --target-device iphone --target-device ipad --minimum-deployment-target 17.6 --platform iphoneos
/* com.apple.actool.compilation-results */
/Users/hem/Library/Developer/Xcode/DerivedData/wireguardZoomAutomation-frpouzlaalsanwbrucqxwbaehthj/Build/Intermediates.noindex/wireguardZoomAutomation.build/Debug-iphoneos/wireguardZoomAutomation.build/assetcatalog_generated_info.plist_thinned


ProcessProductPackagingDER /Users/hem/Library/Developer/Xcode/DerivedData/wireguardZoomAutomation-frpouzlaalsanwbrucqxwbaehthj/Build/Intermediates.noindex/wireguardZoomAutomation.build/Debug-iphoneos/wireguardZoomAutomationUITests.build/wireguardZoomAutomationUITests.xctest.xcent /Users/hem/Library/Developer/Xcode/DerivedData/wireguardZoomAutomation-frpouzlaalsanwbrucqxwbaehthj/Build/Intermediates.noindex/wireguardZoomAutomation.build/Debug-iphoneos/wireguardZoomAutomationUITests.build/wireguardZoomAutomationUITests.xctest.xcent.der (in target 'wireguardZoomAutomationUITests' from project 'wireguardZoomAutomation')
    cd /Users/hem/Desktop/wireguardZoomAutomation
    /usr/bin/derq query -f xml -i /Users/hem/Library/Developer/Xcode/DerivedData/wireguardZoomAutomation-frpouzlaalsanwbrucqxwbaehthj/Build/Intermediates.noindex/wireguardZoomAutomation.build/Debug-iphoneos/wireguardZoomAutomationUITests.build/wireguardZoomAutomationUITests.xctest.xcent -o /Users/hem/Library/Developer/Xcode/DerivedData/wireguardZoomAutomation-frpouzlaalsanwbrucqxwbaehthj/Build/Intermediates.noindex/wireguardZoomAutomation.build/Debug-iphoneos/wireguardZoomAutomationUITests.build/wireguardZoomAutomationUITests.xctest.xcent.der --raw

ProcessProductPackagingDER /Users/hem/Library/Developer/Xcode/DerivedData/wireguardZoomAutomation-frpouzlaalsanwbrucqxwbaehthj/Build/Intermediates.noindex/wireguardZoomAutomation.build/Debug-iphoneos/ZoomDualUITests.build/ZoomDualUITests.xctest.xcent /Users/hem/Library/Developer/Xcode/DerivedData/wireguardZoomAutomation-frpouzlaalsanwbrucqxwbaehthj/Build/Intermediates.noindex/wireguardZoomAutomation.build/Debug-iphoneos/ZoomDualUITests.build/ZoomDualUITests.xctest.xcent.der (in target 'ZoomDualUITests' from project 'wireguardZoomAutomation')
    cd /Users/hem/Desktop/wireguardZoomAutomation
    /usr/bin/derq query -f xml -i /Users/hem/Library/Developer/Xcode/DerivedData/wireguardZoomAutomation-frpouzlaalsanwbrucqxwbaehthj/Build/Intermediates.noindex/wireguardZoomAutomation.build/Debug-iphoneos/ZoomDualUITests.build/ZoomDualUITests.xctest.xcent -o /Users/hem/Library/Developer/Xcode/DerivedData/wireguardZoomAutomation-frpouzlaalsanwbrucqxwbaehthj/Build/Intermediates.noindex/wireguardZoomAutomation.build/Debug-iphoneos/ZoomDualUITests.build/ZoomDualUITests.xctest.xcent.der --raw

ProcessInfoPlistFile /Users/hem/Library/Developer/Xcode/DerivedData/wireguardZoomAutomation-frpouzlaalsanwbrucqxwbaehthj/Build/Products/Debug-iphoneos/wireguardZoomAutomation.app/Info.plist /Users/hem/Library/Developer/Xcode/DerivedData/wireguardZoomAutomation-frpouzlaalsanwbrucqxwbaehthj/Build/Intermediates.noindex/wireguardZoomAutomation.build/Debug-iphoneos/wireguardZoomAutomation.build/empty-wireguardZoomAutomation.plist (in target 'wireguardZoomAutomation' from project 'wireguardZoomAutomation')
    cd /Users/hem/Desktop/wireguardZoomAutomation
    builtin-infoPlistUtility /Users/hem/Library/Developer/Xcode/DerivedData/wireguardZoomAutomation-frpouzlaalsanwbrucqxwbaehthj/Build/Intermediates.noindex/wireguardZoomAutomation.build/Debug-iphoneos/wireguardZoomAutomation.build/empty-wireguardZoomAutomation.plist -producttype com.apple.product-type.application -genpkginfo /Users/hem/Library/Developer/Xcode/DerivedData/wireguardZoomAutomation-frpouzlaalsanwbrucqxwbaehthj/Build/Products/Debug-iphoneos/wireguardZoomAutomation.app/PkgInfo -expandbuildsettings -format binary -platform iphoneos -additionalcontentfile /Users/hem/Library/Developer/Xcode/DerivedData/wireguardZoomAutomation-frpouzlaalsanwbrucqxwbaehthj/Build/Intermediates.noindex/wireguardZoomAutomation.build/Debug-iphoneos/wireguardZoomAutomation.build/assetcatalog_generated_info.plist -requiredArchitecture arm64 -o /Users/hem/Library/Developer/Xcode/DerivedData/wireguardZoomAutomation-frpouzlaalsanwbrucqxwbaehthj/Build/Products/Debug-iphoneos/wireguardZoomAutomation.app/Info.plist

CopySwiftLibs /Users/hem/Library/Developer/Xcode/DerivedData/wireguardZoomAutomation-frpouzlaalsanwbrucqxwbaehthj/Build/Products/Debug-iphoneos/wireguardZoomAutomation.app (in target 'wireguardZoomAutomation' from project 'wireguardZoomAutomation')
    cd /Users/hem/Desktop/wireguardZoomAutomation
    builtin-swiftStdLibTool --copy --verbose --sign DAD8602F84CFE6465F4E8913D89D1EAF2978731D --scan-executable /Users/hem/Library/Developer/Xcode/DerivedData/wireguardZoomAutomation-frpouzlaalsanwbrucqxwbaehthj/Build/Products/Debug-iphoneos/wireguardZoomAutomation.app/wireguardZoomAutomation.debug.dylib --scan-folder /Users/hem/Library/Developer/Xcode/DerivedData/wireguardZoomAutomation-frpouzlaalsanwbrucqxwbaehthj/Build/Products/Debug-iphoneos/wireguardZoomAutomation.app/Frameworks --scan-folder /Users/hem/Library/Developer/Xcode/DerivedData/wireguardZoomAutomation-frpouzlaalsanwbrucqxwbaehthj/Build/Products/Debug-iphoneos/wireguardZoomAutomation.app/PlugIns --scan-folder /Users/hem/Library/Developer/Xcode/DerivedData/wireguardZoomAutomation-frpouzlaalsanwbrucqxwbaehthj/Build/Products/Debug-iphoneos/wireguardZoomAutomation.app/SystemExtensions --scan-folder /Users/hem/Library/Developer/Xcode/DerivedData/wireguardZoomAutomation-frpouzlaalsanwbrucqxwbaehthj/Build/Products/Debug-iphoneos/wireguardZoomAutomation.app/Extensions --platform iphoneos --toolchain /Applications/Xcode.app/Contents/Developer/Toolchains/XcodeDefault.xctoolchain --destination /Users/hem/Library/Developer/Xcode/DerivedData/wireguardZoomAutomation-frpouzlaalsanwbrucqxwbaehthj/Build/Products/Debug-iphoneos/wireguardZoomAutomation.app/Frameworks --strip-bitcode --strip-bitcode-tool /Applications/Xcode.app/Contents/Developer/Toolchains/XcodeDefault.xctoolchain/usr/bin/bitcode_strip --emit-dependency-info /Users/hem/Library/Developer/Xcode/DerivedData/wireguardZoomAutomation-frpouzlaalsanwbrucqxwbaehthj/Build/Intermediates.noindex/wireguardZoomAutomation.build/Debug-iphoneos/wireguardZoomAutomation.build/SwiftStdLibToolInputDependencies.dep --filter-for-swift-os --back-deploy-swift-span

ProcessInfoPlistFile /Users/hem/Library/Developer/Xcode/DerivedData/wireguardZoomAutomation-frpouzlaalsanwbrucqxwbaehthj/Build/Products/Debug-iphoneos/wireguardZoomAutomation.app/PlugIns/wireguardZoomAutomationTests.xctest/Info.plist /Users/hem/Library/Developer/Xcode/DerivedData/wireguardZoomAutomation-frpouzlaalsanwbrucqxwbaehthj/Build/Intermediates.noindex/wireguardZoomAutomation.build/Debug-iphoneos/wireguardZoomAutomationTests.build/empty-wireguardZoomAutomationTests.plist (in target 'wireguardZoomAutomationTests' from project 'wireguardZoomAutomation')
    cd /Users/hem/Desktop/wireguardZoomAutomation
    builtin-infoPlistUtility /Users/hem/Library/Developer/Xcode/DerivedData/wireguardZoomAutomation-frpouzlaalsanwbrucqxwbaehthj/Build/Intermediates.noindex/wireguardZoomAutomation.build/Debug-iphoneos/wireguardZoomAutomationTests.build/empty-wireguardZoomAutomationTests.plist -producttype com.apple.product-type.bundle.unit-test -expandbuildsettings -format binary -platform iphoneos -requiredArchitecture arm64 -o /Users/hem/Library/Developer/Xcode/DerivedData/wireguardZoomAutomation-frpouzlaalsanwbrucqxwbaehthj/Build/Products/Debug-iphoneos/wireguardZoomAutomation.app/PlugIns/wireguardZoomAutomationTests.xctest/Info.plist

CopySwiftLibs /Users/hem/Library/Developer/Xcode/DerivedData/wireguardZoomAutomation-frpouzlaalsanwbrucqxwbaehthj/Build/Products/Debug-iphoneos/wireguardZoomAutomation.app/PlugIns/wireguardZoomAutomationTests.xctest (in target 'wireguardZoomAutomationTests' from project 'wireguardZoomAutomation')
    cd /Users/hem/Desktop/wireguardZoomAutomation
    builtin-swiftStdLibTool --copy --verbose --sign DAD8602F84CFE6465F4E8913D89D1EAF2978731D --scan-executable /Users/hem/Library/Developer/Xcode/DerivedData/wireguardZoomAutomation-frpouzlaalsanwbrucqxwbaehthj/Build/Products/Debug-iphoneos/wireguardZoomAutomation.app/PlugIns/wireguardZoomAutomationTests.xctest/wireguardZoomAutomationTests --scan-folder /Users/hem/Library/Developer/Xcode/DerivedData/wireguardZoomAutomation-frpouzlaalsanwbrucqxwbaehthj/Build/Products/Debug-iphoneos/wireguardZoomAutomation.app/PlugIns/wireguardZoomAutomationTests.xctest/Frameworks --scan-folder /Users/hem/Library/Developer/Xcode/DerivedData/wireguardZoomAutomation-frpouzlaalsanwbrucqxwbaehthj/Build/Products/Debug-iphoneos/wireguardZoomAutomation.app/PlugIns/wireguardZoomAutomationTests.xctest/PlugIns --scan-folder /Users/hem/Library/Developer/Xcode/DerivedData/wireguardZoomAutomation-frpouzlaalsanwbrucqxwbaehthj/Build/Products/Debug-iphoneos/wireguardZoomAutomation.app/PlugIns/wireguardZoomAutomationTests.xctest/SystemExtensions --scan-folder /Users/hem/Library/Developer/Xcode/DerivedData/wireguardZoomAutomation-frpouzlaalsanwbrucqxwbaehthj/Build/Products/Debug-iphoneos/wireguardZoomAutomation.app/PlugIns/wireguardZoomAutomationTests.xctest/Extensions --platform iphoneos --toolchain /Applications/Xcode.app/Contents/Developer/Toolchains/XcodeDefault.xctoolchain --destination /Users/hem/Library/Developer/Xcode/DerivedData/wireguardZoomAutomation-frpouzlaalsanwbrucqxwbaehthj/Build/Products/Debug-iphoneos/wireguardZoomAutomation.app/PlugIns/wireguardZoomAutomationTests.xctest/Frameworks --strip-bitcode --scan-executable /Applications/Xcode.app/Contents/Developer/Platforms/iPhoneOS.platform/Developer/usr/lib/libXCTestSwiftSupport.dylib --strip-bitcode-tool /Applications/Xcode.app/Contents/Developer/Toolchains/XcodeDefault.xctoolchain/usr/bin/bitcode_strip --emit-dependency-info /Users/hem/Library/Developer/Xcode/DerivedData/wireguardZoomAutomation-frpouzlaalsanwbrucqxwbaehthj/Build/Intermediates.noindex/wireguardZoomAutomation.build/Debug-iphoneos/wireguardZoomAutomationTests.build/SwiftStdLibToolInputDependencies.dep --filter-for-swift-os --back-deploy-swift-span

CodeSign /Users/hem/Library/Developer/Xcode/DerivedData/wireguardZoomAutomation-frpouzlaalsanwbrucqxwbaehthj/Build/Products/Debug-iphoneos/wireguardZoomAutomation.app/wireguardZoomAutomation.debug.dylib (in target 'wireguardZoomAutomation' from project 'wireguardZoomAutomation')
    cd /Users/hem/Desktop/wireguardZoomAutomation
    
    Signing Identity:     "Apple Development: chandanacharitha8@gmail.com (GH22PG2FNQ)"
    Provisioning Profile: "iOS Team Provisioning Profile: automation.wireguardZoomAutomation"
                          (d155a63b-418d-4714-8ae6-2887cbc8d034)
    
    /usr/bin/codesign --force --sign DAD8602F84CFE6465F4E8913D89D1EAF2978731D -o runtime --timestamp\=none --generate-entitlement-der /Users/hem/Library/Developer/Xcode/DerivedData/wireguardZoomAutomation-frpouzlaalsanwbrucqxwbaehthj/Build/Products/Debug-iphoneos/wireguardZoomAutomation.app/wireguardZoomAutomation.debug.dylib
/Users/hem/Library/Developer/Xcode/DerivedData/wireguardZoomAutomation-frpouzlaalsanwbrucqxwbaehthj/Build/Products/Debug-iphoneos/wireguardZoomAutomation.app/wireguardZoomAutomation.debug.dylib: replacing existing signature

CodeSign /Users/hem/Library/Developer/Xcode/DerivedData/wireguardZoomAutomation-frpouzlaalsanwbrucqxwbaehthj/Build/Products/Debug-iphoneos/wireguardZoomAutomation.app/__preview.dylib (in target 'wireguardZoomAutomation' from project 'wireguardZoomAutomation')
    cd /Users/hem/Desktop/wireguardZoomAutomation
    
    Signing Identity:     "Apple Development: chandanacharitha8@gmail.com (GH22PG2FNQ)"
    Provisioning Profile: "iOS Team Provisioning Profile: automation.wireguardZoomAutomation"
                          (d155a63b-418d-4714-8ae6-2887cbc8d034)
    
    /usr/bin/codesign --force --sign DAD8602F84CFE6465F4E8913D89D1EAF2978731D -o runtime --timestamp\=none --generate-entitlement-der /Users/hem/Library/Developer/Xcode/DerivedData/wireguardZoomAutomation-frpouzlaalsanwbrucqxwbaehthj/Build/Products/Debug-iphoneos/wireguardZoomAutomation.app/__preview.dylib
/Users/hem/Library/Developer/Xcode/DerivedData/wireguardZoomAutomation-frpouzlaalsanwbrucqxwbaehthj/Build/Products/Debug-iphoneos/wireguardZoomAutomation.app/__preview.dylib: replacing existing signature

CodeSign /Users/hem/Library/Developer/Xcode/DerivedData/wireguardZoomAutomation-frpouzlaalsanwbrucqxwbaehthj/Build/Products/Debug-iphoneos/wireguardZoomAutomation.app (in target 'wireguardZoomAutomation' from project 'wireguardZoomAutomation')
    cd /Users/hem/Desktop/wireguardZoomAutomation
    
    Signing Identity:     "Apple Development: chandanacharitha8@gmail.com (GH22PG2FNQ)"
    Provisioning Profile: "iOS Team Provisioning Profile: automation.wireguardZoomAutomation"
                          (d155a63b-418d-4714-8ae6-2887cbc8d034)
    
    /usr/bin/codesign --force --sign DAD8602F84CFE6465F4E8913D89D1EAF2978731D -o runtime --entitlements /Users/hem/Library/Developer/Xcode/DerivedData/wireguardZoomAutomation-frpouzlaalsanwbrucqxwbaehthj/Build/Intermediates.noindex/wireguardZoomAutomation.build/Debug-iphoneos/wireguardZoomAutomation.build/wireguardZoomAutomation.app.xcent --timestamp\=none --generate-entitlement-der /Users/hem/Library/Developer/Xcode/DerivedData/wireguardZoomAutomation-frpouzlaalsanwbrucqxwbaehthj/Build/Products/Debug-iphoneos/wireguardZoomAutomation.app
/Users/hem/Library/Developer/Xcode/DerivedData/wireguardZoomAutomation-frpouzlaalsanwbrucqxwbaehthj/Build/Products/Debug-iphoneos/wireguardZoomAutomation.app: replacing existing signature

Validate /Users/hem/Library/Developer/Xcode/DerivedData/wireguardZoomAutomation-frpouzlaalsanwbrucqxwbaehthj/Build/Products/Debug-iphoneos/wireguardZoomAutomation.app (in target 'wireguardZoomAutomation' from project 'wireguardZoomAutomation')
    cd /Users/hem/Desktop/wireguardZoomAutomation
    builtin-validationUtility /Users/hem/Library/Developer/Xcode/DerivedData/wireguardZoomAutomation-frpouzlaalsanwbrucqxwbaehthj/Build/Products/Debug-iphoneos/wireguardZoomAutomation.app -shallow-bundle -infoplist-subpath Info.plist

ProcessInfoPlistFile /Users/hem/Library/Developer/Xcode/DerivedData/wireguardZoomAutomation-frpouzlaalsanwbrucqxwbaehthj/Build/Products/Debug-iphoneos/ZoomDualUITests-Runner.app/PlugIns/ZoomDualUITests.xctest/Info.plist /Users/hem/Library/Developer/Xcode/DerivedData/wireguardZoomAutomation-frpouzlaalsanwbrucqxwbaehthj/Build/Intermediates.noindex/wireguardZoomAutomation.build/Debug-iphoneos/ZoomDualUITests.build/empty-ZoomDualUITests.plist (in target 'ZoomDualUITests' from project 'wireguardZoomAutomation')
    cd /Users/hem/Desktop/wireguardZoomAutomation
    builtin-infoPlistUtility /Users/hem/Library/Developer/Xcode/DerivedData/wireguardZoomAutomation-frpouzlaalsanwbrucqxwbaehthj/Build/Intermediates.noindex/wireguardZoomAutomation.build/Debug-iphoneos/ZoomDualUITests.build/empty-ZoomDualUITests.plist -producttype com.apple.product-type.bundle.ui-testing -expandbuildsettings -format binary -platform iphoneos -additionalcontentfile /Users/hem/Library/Developer/Xcode/DerivedData/wireguardZoomAutomation-frpouzlaalsanwbrucqxwbaehthj/Build/Intermediates.noindex/wireguardZoomAutomation.build/Debug-iphoneos/ZoomDualUITests.build/ProductTypeInfoPlistAdditions.plist -requiredArchitecture arm64 -o /Users/hem/Library/Developer/Xcode/DerivedData/wireguardZoomAutomation-frpouzlaalsanwbrucqxwbaehthj/Build/Products/Debug-iphoneos/ZoomDualUITests-Runner.app/PlugIns/ZoomDualUITests.xctest/Info.plist

ProcessInfoPlistFile /Users/hem/Library/Developer/Xcode/DerivedData/wireguardZoomAutomation-frpouzlaalsanwbrucqxwbaehthj/Build/Products/Debug-iphoneos/wireguardZoomAutomationUITests-Runner.app/PlugIns/wireguardZoomAutomationUITests.xctest/Info.plist /Users/hem/Library/Developer/Xcode/DerivedData/wireguardZoomAutomation-frpouzlaalsanwbrucqxwbaehthj/Build/Intermediates.noindex/wireguardZoomAutomation.build/Debug-iphoneos/wireguardZoomAutomationUITests.build/empty-wireguardZoomAutomationUITests.plist (in target 'wireguardZoomAutomationUITests' from project 'wireguardZoomAutomation')
    cd /Users/hem/Desktop/wireguardZoomAutomation
    builtin-infoPlistUtility /Users/hem/Library/Developer/Xcode/DerivedData/wireguardZoomAutomation-frpouzlaalsanwbrucqxwbaehthj/Build/Intermediates.noindex/wireguardZoomAutomation.build/Debug-iphoneos/wireguardZoomAutomationUITests.build/empty-wireguardZoomAutomationUITests.plist -producttype com.apple.product-type.bundle.ui-testing -expandbuildsettings -format binary -platform iphoneos -additionalcontentfile /Users/hem/Library/Developer/Xcode/DerivedData/wireguardZoomAutomation-frpouzlaalsanwbrucqxwbaehthj/Build/Intermediates.noindex/wireguardZoomAutomation.build/Debug-iphoneos/wireguardZoomAutomationUITests.build/ProductTypeInfoPlistAdditions.plist -requiredArchitecture arm64 -o /Users/hem/Library/Developer/Xcode/DerivedData/wireguardZoomAutomation-frpouzlaalsanwbrucqxwbaehthj/Build/Products/Debug-iphoneos/wireguardZoomAutomationUITests-Runner.app/PlugIns/wireguardZoomAutomationUITests.xctest/Info.plist

CopySwiftLibs /Users/hem/Library/Developer/Xcode/DerivedData/wireguardZoomAutomation-frpouzlaalsanwbrucqxwbaehthj/Build/Products/Debug-iphoneos/ZoomDualUITests-Runner.app/PlugIns/ZoomDualUITests.xctest (in target 'ZoomDualUITests' from project 'wireguardZoomAutomation')
    cd /Users/hem/Desktop/wireguardZoomAutomation
    builtin-swiftStdLibTool --copy --verbose --sign DAD8602F84CFE6465F4E8913D89D1EAF2978731D --scan-executable /Users/hem/Library/Developer/Xcode/DerivedData/wireguardZoomAutomation-frpouzlaalsanwbrucqxwbaehthj/Build/Products/Debug-iphoneos/ZoomDualUITests-Runner.app/PlugIns/ZoomDualUITests.xctest/ZoomDualUITests --scan-folder /Users/hem/Library/Developer/Xcode/DerivedData/wireguardZoomAutomation-frpouzlaalsanwbrucqxwbaehthj/Build/Products/Debug-iphoneos/ZoomDualUITests-Runner.app/PlugIns/ZoomDualUITests.xctest/Frameworks --scan-folder /Users/hem/Library/Developer/Xcode/DerivedData/wireguardZoomAutomation-frpouzlaalsanwbrucqxwbaehthj/Build/Products/Debug-iphoneos/ZoomDualUITests-Runner.app/PlugIns/ZoomDualUITests.xctest/PlugIns --scan-folder /Users/hem/Library/Developer/Xcode/DerivedData/wireguardZoomAutomation-frpouzlaalsanwbrucqxwbaehthj/Build/Products/Debug-iphoneos/ZoomDualUITests-Runner.app/PlugIns/ZoomDualUITests.xctest/SystemExtensions --scan-folder /Users/hem/Library/Developer/Xcode/DerivedData/wireguardZoomAutomation-frpouzlaalsanwbrucqxwbaehthj/Build/Products/Debug-iphoneos/ZoomDualUITests-Runner.app/PlugIns/ZoomDualUITests.xctest/Extensions --platform iphoneos --toolchain /Applications/Xcode.app/Contents/Developer/Toolchains/XcodeDefault.xctoolchain --destination /Users/hem/Library/Developer/Xcode/DerivedData/wireguardZoomAutomation-frpouzlaalsanwbrucqxwbaehthj/Build/Products/Debug-iphoneos/ZoomDualUITests-Runner.app/PlugIns/ZoomDualUITests.xctest/Frameworks --strip-bitcode --scan-executable /Applications/Xcode.app/Contents/Developer/Platforms/iPhoneOS.platform/Developer/usr/lib/libXCTestSwiftSupport.dylib --strip-bitcode-tool /Applications/Xcode.app/Contents/Developer/Toolchains/XcodeDefault.xctoolchain/usr/bin/bitcode_strip --emit-dependency-info /Users/hem/Library/Developer/Xcode/DerivedData/wireguardZoomAutomation-frpouzlaalsanwbrucqxwbaehthj/Build/Intermediates.noindex/wireguardZoomAutomation.build/Debug-iphoneos/ZoomDualUITests.build/SwiftStdLibToolInputDependencies.dep --filter-for-swift-os --back-deploy-swift-span

CopySwiftLibs /Users/hem/Library/Developer/Xcode/DerivedData/wireguardZoomAutomation-frpouzlaalsanwbrucqxwbaehthj/Build/Products/Debug-iphoneos/wireguardZoomAutomationUITests-Runner.app/PlugIns/wireguardZoomAutomationUITests.xctest (in target 'wireguardZoomAutomationUITests' from project 'wireguardZoomAutomation')
    cd /Users/hem/Desktop/wireguardZoomAutomation
    builtin-swiftStdLibTool --copy --verbose --sign DAD8602F84CFE6465F4E8913D89D1EAF2978731D --scan-executable /Users/hem/Library/Developer/Xcode/DerivedData/wireguardZoomAutomation-frpouzlaalsanwbrucqxwbaehthj/Build/Products/Debug-iphoneos/wireguardZoomAutomationUITests-Runner.app/PlugIns/wireguardZoomAutomationUITests.xctest/wireguardZoomAutomationUITests --scan-folder /Users/hem/Library/Developer/Xcode/DerivedData/wireguardZoomAutomation-frpouzlaalsanwbrucqxwbaehthj/Build/Products/Debug-iphoneos/wireguardZoomAutomationUITests-Runner.app/PlugIns/wireguardZoomAutomationUITests.xctest/Frameworks --scan-folder /Users/hem/Library/Developer/Xcode/DerivedData/wireguardZoomAutomation-frpouzlaalsanwbrucqxwbaehthj/Build/Products/Debug-iphoneos/wireguardZoomAutomationUITests-Runner.app/PlugIns/wireguardZoomAutomationUITests.xctest/PlugIns --scan-folder /Users/hem/Library/Developer/Xcode/DerivedData/wireguardZoomAutomation-frpouzlaalsanwbrucqxwbaehthj/Build/Products/Debug-iphoneos/wireguardZoomAutomationUITests-Runner.app/PlugIns/wireguardZoomAutomationUITests.xctest/SystemExtensions --scan-folder /Users/hem/Library/Developer/Xcode/DerivedData/wireguardZoomAutomation-frpouzlaalsanwbrucqxwbaehthj/Build/Products/Debug-iphoneos/wireguardZoomAutomationUITests-Runner.app/PlugIns/wireguardZoomAutomationUITests.xctest/Extensions --platform iphoneos --toolchain /Applications/Xcode.app/Contents/Developer/Toolchains/XcodeDefault.xctoolchain --destination /Users/hem/Library/Developer/Xcode/DerivedData/wireguardZoomAutomation-frpouzlaalsanwbrucqxwbaehthj/Build/Products/Debug-iphoneos/wireguardZoomAutomationUITests-Runner.app/PlugIns/wireguardZoomAutomationUITests.xctest/Frameworks --strip-bitcode --scan-executable /Applications/Xcode.app/Contents/Developer/Platforms/iPhoneOS.platform/Developer/usr/lib/libXCTestSwiftSupport.dylib --strip-bitcode-tool /Applications/Xcode.app/Contents/Developer/Toolchains/XcodeDefault.xctoolchain/usr/bin/bitcode_strip --emit-dependency-info /Users/hem/Library/Developer/Xcode/DerivedData/wireguardZoomAutomation-frpouzlaalsanwbrucqxwbaehthj/Build/Intermediates.noindex/wireguardZoomAutomation.build/Debug-iphoneos/wireguardZoomAutomationUITests.build/SwiftStdLibToolInputDependencies.dep --filter-for-swift-os --back-deploy-swift-span

CodeSign /Users/hem/Library/Developer/Xcode/DerivedData/wireguardZoomAutomation-frpouzlaalsanwbrucqxwbaehthj/Build/Products/Debug-iphoneos/wireguardZoomAutomationUITests-Runner.app/PlugIns/wireguardZoomAutomationUITests.xctest (in target 'wireguardZoomAutomationUITests' from project 'wireguardZoomAutomation')
    cd /Users/hem/Desktop/wireguardZoomAutomation
    
    Signing Identity:     "Apple Development: chandanacharitha8@gmail.com (GH22PG2FNQ)"
    Provisioning Profile: "iOS Team Provisioning Profile: automation.wireguardZoomAutomationUITests.xctrunner"
                          (b865ad2e-32a4-4cd0-a6bd-c81ae20c38de)
    
    /usr/bin/codesign --force --sign DAD8602F84CFE6465F4E8913D89D1EAF2978731D --entitlements /Users/hem/Library/Developer/Xcode/DerivedData/wireguardZoomAutomation-frpouzlaalsanwbrucqxwbaehthj/Build/Intermediates.noindex/wireguardZoomAutomation.build/Debug-iphoneos/wireguardZoomAutomationUITests.build/wireguardZoomAutomationUITests.xctest.xcent --timestamp\=none --generate-entitlement-der /Users/hem/Library/Developer/Xcode/DerivedData/wireguardZoomAutomation-frpouzlaalsanwbrucqxwbaehthj/Build/Products/Debug-iphoneos/wireguardZoomAutomationUITests-Runner.app/PlugIns/wireguardZoomAutomationUITests.xctest
/Users/hem/Library/Developer/Xcode/DerivedData/wireguardZoomAutomation-frpouzlaalsanwbrucqxwbaehthj/Build/Products/Debug-iphoneos/wireguardZoomAutomationUITests-Runner.app/PlugIns/wireguardZoomAutomationUITests.xctest: replacing existing signature

CodeSign /Users/hem/Library/Developer/Xcode/DerivedData/wireguardZoomAutomation-frpouzlaalsanwbrucqxwbaehthj/Build/Products/Debug-iphoneos/ZoomDualUITests-Runner.app/PlugIns/ZoomDualUITests.xctest (in target 'ZoomDualUITests' from project 'wireguardZoomAutomation')
    cd /Users/hem/Desktop/wireguardZoomAutomation
    
    Signing Identity:     "Apple Development: chandanacharitha8@gmail.com (GH22PG2FNQ)"
    Provisioning Profile: "iOS Team Provisioning Profile: automation.ZoomDualUITests.xctrunner"
                          (03caaa90-81e0-4208-8b73-3f6dea449d94)
    
    /usr/bin/codesign --force --sign DAD8602F84CFE6465F4E8913D89D1EAF2978731D --entitlements /Users/hem/Library/Developer/Xcode/DerivedData/wireguardZoomAutomation-frpouzlaalsanwbrucqxwbaehthj/Build/Intermediates.noindex/wireguardZoomAutomation.build/Debug-iphoneos/ZoomDualUITests.build/ZoomDualUITests.xctest.xcent --timestamp\=none --generate-entitlement-der /Users/hem/Library/Developer/Xcode/DerivedData/wireguardZoomAutomation-frpouzlaalsanwbrucqxwbaehthj/Build/Products/Debug-iphoneos/ZoomDualUITests-Runner.app/PlugIns/ZoomDualUITests.xctest
/Users/hem/Library/Developer/Xcode/DerivedData/wireguardZoomAutomation-frpouzlaalsanwbrucqxwbaehthj/Build/Products/Debug-iphoneos/ZoomDualUITests-Runner.app/PlugIns/ZoomDualUITests.xctest: replacing existing signature

CodeSign /Users/hem/Library/Developer/Xcode/DerivedData/wireguardZoomAutomation-frpouzlaalsanwbrucqxwbaehthj/Build/Products/Debug-iphoneos/ZoomDualUITests-Runner.app (in target 'ZoomDualUITests' from project 'wireguardZoomAutomation')
    cd /Users/hem/Desktop/wireguardZoomAutomation
    
    Signing Identity:     "Apple Development: chandanacharitha8@gmail.com (GH22PG2FNQ)"
    Provisioning Profile: "iOS Team Provisioning Profile: automation.ZoomDualUITests.xctrunner"
                          (03caaa90-81e0-4208-8b73-3f6dea449d94)
    
    /usr/bin/codesign --force --sign DAD8602F84CFE6465F4E8913D89D1EAF2978731D --entitlements /Users/hem/Library/Developer/Xcode/DerivedData/wireguardZoomAutomation-frpouzlaalsanwbrucqxwbaehthj/Build/Intermediates.noindex/wireguardZoomAutomation.build/Debug-iphoneos/ZoomDualUITests.build/ZoomDualUITests.xctest.xcent --timestamp\=none --generate-entitlement-der /Users/hem/Library/Developer/Xcode/DerivedData/wireguardZoomAutomation-frpouzlaalsanwbrucqxwbaehthj/Build/Products/Debug-iphoneos/ZoomDualUITests-Runner.app
/Users/hem/Library/Developer/Xcode/DerivedData/wireguardZoomAutomation-frpouzlaalsanwbrucqxwbaehthj/Build/Products/Debug-iphoneos/ZoomDualUITests-Runner.app: replacing existing signature

CodeSign /Users/hem/Library/Developer/Xcode/DerivedData/wireguardZoomAutomation-frpouzlaalsanwbrucqxwbaehthj/Build/Products/Debug-iphoneos/wireguardZoomAutomationUITests-Runner.app (in target 'wireguardZoomAutomationUITests' from project 'wireguardZoomAutomation')
    cd /Users/hem/Desktop/wireguardZoomAutomation
    
    Signing Identity:     "Apple Development: chandanacharitha8@gmail.com (GH22PG2FNQ)"
    Provisioning Profile: "iOS Team Provisioning Profile: automation.wireguardZoomAutomationUITests.xctrunner"
                          (b865ad2e-32a4-4cd0-a6bd-c81ae20c38de)
    
    /usr/bin/codesign --force --sign DAD8602F84CFE6465F4E8913D89D1EAF2978731D --entitlements /Users/hem/Library/Developer/Xcode/DerivedData/wireguardZoomAutomation-frpouzlaalsanwbrucqxwbaehthj/Build/Intermediates.noindex/wireguardZoomAutomation.build/Debug-iphoneos/wireguardZoomAutomationUITests.build/wireguardZoomAutomationUITests.xctest.xcent --timestamp\=none --generate-entitlement-der /Users/hem/Library/Developer/Xcode/DerivedData/wireguardZoomAutomation-frpouzlaalsanwbrucqxwbaehthj/Build/Products/Debug-iphoneos/wireguardZoomAutomationUITests-Runner.app
/Users/hem/Library/Developer/Xcode/DerivedData/wireguardZoomAutomation-frpouzlaalsanwbrucqxwbaehthj/Build/Products/Debug-iphoneos/wireguardZoomAutomationUITests-Runner.app: replacing existing signature

2025-11-01 22:13:20.154 xcodebuild[55345:1022850]  IDELaunchReport: 3d44cf771f2610c0:3d44cf771f2610c0: Finished with error: The application could not be launched because the Developer App Certificate is not trusted.
Domain: IDELaunchCoreDevice
Code: 0
Recovery Suggestion: Verify that the Developer App certificate for your account is trusted on your device. Open Settings on the device and navigate to General -> VPN & Device Management, then select your Developer App certificate to trust it.
User Info: {
    DVTErrorCreationDateKey = "2025-11-02 02:13:20 +0000";
    IDERunOperationFailingWorker = IDELaunchCoreDeviceWorker;
}
--
The application failed to launch.
Domain: com.apple.dt.CoreDeviceError
Code: 10002
User Info: {
    BundleIdentifier = "automation.ZoomDualUITests.xctrunner";
}
--
The request to open "automation.ZoomDualUITests.xctrunner" failed.
Domain: FBSOpenApplicationServiceErrorDomain
Code: 1
Failure Reason: The request was denied by service delegate (SBMainWorkspace) for reason: Security ("Unable to launch automation.ZoomDualUITests.xctrunner because it has an invalid code signature, inadequate entitlements or its profile has not been explicitly trusted by the user").
User Info: {
    BSErrorCodeDescription = RequestDenied;
    FBSOpenApplicationRequestID = 0x3034;
}
--
The operation couldn’t be completed. Unable to launch automation.ZoomDualUITests.xctrunner because it has an invalid code signature, inadequate entitlements or its profile has not been explicitly trusted by the user.
Domain: FBSOpenApplicationErrorDomain
Code: 3
Failure Reason: Unable to launch automation.ZoomDualUITests.xctrunner because it has an invalid code signature, inadequate entitlements or its profile has not been explicitly trusted by the user.
User Info: {
    BSErrorCodeDescription = Security;
}
--

2025-11-01 22:13:20.154 xcodebuild[55345:1022850]  IDELaunchReport: 3d44cf771f2610c0:3d44cf771f2610c0: com.apple.dt.IDERunOperationWorkerFinished {
    "device_identifier" = "00008120-00107819262A601E";
    "device_isCoreDevice" = 1;
    "device_model" = "iPhone15,4";
    "device_osBuild" = "18.6.2 (22G100)";
    "device_osBuild_monotonic" = 2206010000;
    "device_os_variant" = 1;
    "device_platform" = "com.apple.platform.iphoneos";
    "device_platform_family" = 2;
    "device_reality" = 1;
    "device_thinningType" = "iPhone15,4";
    "device_transport" = 1;
    "launchSession_schemeCommand" = Test;
    "launchSession_schemeCommand_enum" = 2;
    "launchSession_targetArch" = arm64;
    "launchSession_targetArch_enum" = 6;
    "operation_duration_ms" = 1550;
    "operation_errorCode" = 0;
    "operation_errorDomain" = IDELaunchCoreDevice;
    "operation_errorWorker" = IDELaunchCoreDeviceWorker;
    "operation_error_reportable" = 0;
    "operation_name" = IDERunOperationWorkerGroup;
    "param_consoleMode" = 0;
    "param_debugger_attachToExtensions" = 0;
    "param_debugger_attachToXPC" = 0;
    "param_debugger_type" = 1;
    "param_destination_isProxy" = 0;
    "param_destination_platform" = "com.apple.platform.iphoneos";
    "param_diag_MTE_enable" = 0;
    "param_diag_MainThreadChecker_stopOnIssue" = 0;
    "param_diag_MallocStackLogging_enableDuringAttach" = 0;
    "param_diag_MallocStackLogging_enableForXPC" = 0;
    "param_diag_allowLocationSimulation" = 1;
    "param_diag_checker_mtc_enable" = 0;
    "param_diag_checker_tpc_enable" = 1;
    "param_diag_gpu_frameCapture_enable" = 3;
    "param_diag_gpu_shaderValidation_enable" = 0;
    "param_diag_gpu_validation_enable" = 1;
    "param_diag_guardMalloc_enable" = 0;
    "param_diag_memoryGraphOnResourceException" = 0;
    "param_diag_queueDebugging_enable" = 1;
    "param_diag_runtimeProfile_generate" = 1;
    "param_diag_sanitizer_asan_enable" = 0;
    "param_diag_sanitizer_tsan_enable" = 0;
    "param_diag_sanitizer_tsan_stopOnIssue" = 0;
    "param_diag_sanitizer_ubsan_enable" = 0;
    "param_diag_sanitizer_ubsan_stopOnIssue" = 0;
    "param_diag_showNonLocalizedStrings" = 0;
    "param_diag_viewDebugging_enabled" = 0;
    "param_diag_viewDebugging_insertDylibOnLaunch" = 0;
    "param_install_style" = 2;
    "param_launcher_UID" = 2;
    "param_launcher_allowDeviceSensorReplayData" = 0;
    "param_launcher_kind" = 0;
    "param_launcher_style" = 0;
    "param_launcher_substyle" = 64;
    "param_lldbVersion_component_idx_1" = 0;
    "param_lldbVersion_monotonic" = 170300310002;
    "param_runnable_appExtensionHostRunMode" = 0;
    "param_runnable_productType" = "com.apple.product-type.application";
    "param_testing_launchedForTesting" = 1;
    "param_testing_suppressSimulatorApp" = 1;
    "param_testing_usingCLI" = 0;
    "sdk_canonicalName" = "iphoneos26.0";
    "sdk_osVersion" = "26.0";
    "sdk_platformID" = 2;
    "sdk_variant" = iphoneos;
    "sdk_version_monotonic" = 2300033900;
}


*** If you believe this error represents a bug, please attach the result bundle at /Users/hem/Library/Developer/Xcode/DerivedData/wireguardZoomAutomation-frpouzlaalsanwbrucqxwbaehthj/Logs/Test/Test-wireguardZoomAutomation-2025.11.01_22-13-15--0400.xcresult

